Watching for file changes with StatReloader
Waiting for apps ready_event.
Apps ready_event triggered. Sending autoreload_started signal.
Watching dir C:\Users\DEVENDRA\Desktop\speech-recognition\assistent\templates with glob **/*.
Watching dir C:\Users\DEVENDRA\Desktop\speech-recognition\assistent\locale with glob **/*.mo.
Watching dir C:\Users\DEVENDRA\Desktop\speech-recognition\assistent\myapp\locale with glob **/*.mo.
(0.000) 
            SELECT name, type FROM sqlite_master
            WHERE type in ('table', 'view') AND NOT name='sqlite_sequence'
            ORDER BY name; args=None; alias=default
(0.000) SELECT "django_migrations"."id", "django_migrations"."app", "django_migrations"."name", "django_migrations"."applied" FROM "django_migrations"; args=(); alias=default
File C:\Users\DEVENDRA\Desktop\speech-recognition\env\Lib\site-packages\sqlparse\exceptions.py first seen with mtime 1725772853.4200003
File C:\Users\DEVENDRA\AppData\Local\Programs\Python\Python312\Lib\email\mime\nonmultipart.py first seen with mtime 1722958350.0
File C:\Users\DEVENDRA\Desktop\speech-recognition\env\Lib\site-packages\soupsieve\css_match.py first seen with mtime 1725772958.1119502
File C:\Users\DEVENDRA\Desktop\speech-recognition\env\Lib\site-packages\websockets\legacy\client.py first seen with mtime 1725772955.4175048
File C:\Users\DEVENDRA\AppData\Local\Programs\Python\Python312\Lib\asyncio\protocols.py first seen with mtime 1722958350.0
File C:\Users\DEVENDRA\Desktop\speech-recognition\env\Lib\site-packages\django\contrib\admin\models.py first seen with mtime 1725772854.8571608
File C:\Users\DEVENDRA\Desktop\speech-recognition\env\Lib\site-packages\django\contrib\admin\exceptions.py first seen with mtime 1725772854.8415408
File C:\Users\DEVENDRA\AppData\Local\Programs\Python\Python312\Lib\pkgutil.py first seen with mtime 1722958352.0
File C:\Users\DEVENDRA\Desktop\speech-recognition\env\Lib\site-packages\django\contrib\staticfiles\utils.py first seen with mtime 1725772860.2826488
File C:\Users\DEVENDRA\Desktop\speech-recognition\env\Lib\site-packages\pyppeteer\__init__.py first seen with mtime 1725772966.2411702
File C:\Users\DEVENDRA\Desktop\speech-recognition\env\Lib\site-packages\django\db\backends\sqlite3\client.py first seen with mtime 1725772860.5169694
File C:\Users\DEVENDRA\Desktop\speech-recognition\env\Lib\site-packages\pyppeteer\chromium_downloader.py first seen with mtime 1725772966.2411702
File C:\Users\DEVENDRA\Desktop\speech-recognition\env\Lib\site-packages\django\core\checks\async_checks.py first seen with mtime 1725772860.3295145
File C:\Users\DEVENDRA\Desktop\speech-recognition\env\Lib\site-packages\pyppeteer\emulation_manager.py first seen with mtime 1725772966.2575843
File C:\Users\DEVENDRA\Desktop\speech-recognition\env\Lib\site-packages\appdirs.py first seen with mtime 1725772955.2456698
File C:\Users\DEVENDRA\Desktop\speech-recognition\env\Lib\site-packages\pyquery\text.py first seen with mtime 1725772963.536261
File C:\Users\DEVENDRA\Desktop\speech-recognition\env\Lib\site-packages\django\core\checks\urls.py first seen with mtime 1725772860.3295145
File C:\Users\DEVENDRA\Desktop\speech-recognition\env\Lib\site-packages\bs4\builder\_htmlparser.py first seen with mtime 1725772965.024425
File C:\Users\DEVENDRA\AppData\Local\Programs\Python\Python312\Lib\email\mime\text.py first seen with mtime 1722958350.0
File C:\Users\DEVENDRA\Desktop\speech-recognition\env\Lib\site-packages\requests\cookies.py first seen with mtime 1725772962.9529228
File C:\Users\DEVENDRA\AppData\Local\Programs\Python\Python312\DLLs\_hashlib.pyd first seen with mtime 1722958396.0
File C:\Users\DEVENDRA\AppData\Local\Programs\Python\Python312\Lib\pickle.py first seen with mtime 1722958352.0
File C:\Users\DEVENDRA\Desktop\speech-recognition\env\Lib\site-packages\django\contrib\contenttypes\admin.py first seen with mtime 1725772856.7177155
File C:\Users\DEVENDRA\AppData\Local\Programs\Python\Python312\Lib\socket.py first seen with mtime 1722958352.0
File C:\Users\DEVENDRA\Desktop\speech-recognition\env\Lib\site-packages\idna\__init__.py first seen with mtime 1725772960.3272853
File C:\Users\DEVENDRA\Desktop\speech-recognition\env\Lib\site-packages\pyee\executor.py first seen with mtime 1725772963.7862017
File C:\Users\DEVENDRA\Desktop\speech-recognition\env\Lib\site-packages\sqlparse\filters\output.py first seen with mtime 1725772853.4356217
File C:\Users\DEVENDRA\Desktop\speech-recognition\env\Lib\site-packages\django\core\files\storage\__init__.py first seen with mtime 1725772860.3607574
File C:\Users\DEVENDRA\AppData\Local\Programs\Python\Python312\Lib\asyncio\tasks.py first seen with mtime 1722958350.0
File C:\Users\DEVENDRA\Desktop\speech-recognition\env\Lib\site-packages\django\conf\locale\__init__.py first seen with mtime 1725772854.3104146
File C:\Users\DEVENDRA\Desktop\speech-recognition\env\Lib\site-packages\django\db\models\expressions.py first seen with mtime 1725772860.579453
File C:\Users\DEVENDRA\Desktop\speech-recognition\env\Lib\site-packages\urllib3\__init__.py first seen with mtime 1725772956.8547454
File C:\Users\DEVENDRA\AppData\Local\Programs\Python\Python312\Lib\dataclasses.py first seen with mtime 1722958350.0
File C:\Users\DEVENDRA\Desktop\speech-recognition\env\Lib\site-packages\django\db\models\aggregates.py first seen with mtime 1725772860.5638323
File C:\Users\DEVENDRA\Desktop\speech-recognition\env\Lib\site-packages\django\db\models\enums.py first seen with mtime 1725772860.5638323
File C:\Users\DEVENDRA\Desktop\speech-recognition\env\Lib\site-packages\django\urls\__init__.py first seen with mtime 1725772860.8606377
File C:\Users\DEVENDRA\Desktop\speech-recognition\env\Lib\site-packages\django\contrib\sites\requests.py first seen with mtime 1725772859.9233596
File C:\Users\DEVENDRA\AppData\Local\Programs\Python\Python312\Lib\secrets.py first seen with mtime 1722958352.0
File C:\Users\DEVENDRA\Desktop\speech-recognition\env\Lib\site-packages\django\core\files\move.py first seen with mtime 1725772860.345134
File C:\Users\DEVENDRA\Desktop\speech-recognition\env\Lib\site-packages\django\utils\hashable.py first seen with mtime 1725772860.8918798
File C:\Users\DEVENDRA\Desktop\speech-recognition\env\Lib\site-packages\soupsieve\pretty.py first seen with mtime 1725772958.1119502
File C:\Users\DEVENDRA\Desktop\speech-recognition\env\Lib\site-packages\django\core\handlers\asgi.py first seen with mtime 1725772860.376377
File C:\Users\DEVENDRA\Desktop\speech-recognition\env\Lib\site-packages\django\utils\dateparse.py first seen with mtime 1725772860.8762684
File C:\Users\DEVENDRA\Desktop\speech-recognition\env\Lib\site-packages\django\contrib\sites\__init__.py first seen with mtime 1725772859.9077375
File C:\Users\DEVENDRA\Desktop\speech-recognition\env\Lib\site-packages\fake_useragent\__init__.py first seen with mtime 1725772955.1207
File C:\Users\DEVENDRA\Desktop\speech-recognition\env\Lib\site-packages\django\db\migrations\utils.py first seen with mtime 1725772860.5482147
File C:\Users\DEVENDRA\Desktop\speech-recognition\env\Lib\site-packages\django\templatetags\i18n.py first seen with mtime 1725772860.845016
File C:\Users\DEVENDRA\Desktop\speech-recognition\env\Lib\site-packages\django\utils\translation\reloader.py first seen with mtime 1725772860.9231231
File C:\Users\DEVENDRA\AppData\Local\Programs\Python\Python312\Lib\decimal.py first seen with mtime 1722958350.0
File C:\Users\DEVENDRA\Desktop\speech-recognition\env\Lib\site-packages\django\utils\ipv6.py first seen with mtime 1725772860.907501
File C:\Users\DEVENDRA\Desktop\speech-recognition\env\Lib\site-packages\pyppeteer\network_manager.py first seen with mtime 1725772966.290867
File C:\Users\DEVENDRA\AppData\Local\Programs\Python\Python312\Lib\multiprocessing\reduction.py first seen with mtime 1722958352.0
File C:\Users\DEVENDRA\Desktop\speech-recognition\env\Lib\site-packages\sqlparse\filters\reindent.py first seen with mtime 1725772853.4356217
File C:\Users\DEVENDRA\Desktop\speech-recognition\env\Lib\site-packages\django\conf\__init__.py first seen with mtime 1725772854.2947934
File C:\Users\DEVENDRA\AppData\Local\Programs\Python\Python312\Lib\statistics.py first seen with mtime 1722958352.0
File C:\Users\DEVENDRA\Desktop\speech-recognition\env\Lib\site-packages\websockets\version.py first seen with mtime 1725772955.4175048
File C:\Users\DEVENDRA\Desktop\speech-recognition\env\Lib\site-packages\django\contrib\sessions\backends\__init__.py first seen with mtime 1725772859.5172038
File C:\Users\DEVENDRA\Desktop\speech-recognition\env\Lib\site-packages\django\contrib\contenttypes\forms.py first seen with mtime 1725772856.7333374
File C:\Users\DEVENDRA\Desktop\speech-recognition\env\Lib\site-packages\urllib3\util\retry.py first seen with mtime 1725772956.9172306
File C:\Users\DEVENDRA\Desktop\speech-recognition\env\Lib\site-packages\django\templatetags\cache.py first seen with mtime 1725772860.845016
File C:\Users\DEVENDRA\Desktop\speech-recognition\env\Lib\site-packages\requests\structures.py first seen with mtime 1725772962.9685447
File C:\Users\DEVENDRA\Desktop\speech-recognition\env\Lib\site-packages\django\db\models\signals.py first seen with mtime 1725772860.579453
File C:\Users\DEVENDRA\Desktop\speech-recognition\env\Lib\site-packages\django\contrib\admin\views\main.py first seen with mtime 1725772855.7960572
File C:\Users\DEVENDRA\Desktop\speech-recognition\env\Lib\site-packages\django\db\migrations\operations\models.py first seen with mtime 1725772860.5638323
File C:\Users\DEVENDRA\Desktop\speech-recognition\env\Lib\site-packages\colorama\ansitowin32.py first seen with mtime 1725772960.9368186
File C:\Users\DEVENDRA\AppData\Local\Programs\Python\Python312\Lib\linecache.py first seen with mtime 1722958352.0
File C:\Users\DEVENDRA\Desktop\speech-recognition\env\Lib\site-packages\fake_useragent\log.py first seen with mtime 1725772955.1363208
File C:\Users\DEVENDRA\Desktop\speech-recognition\env\Lib\site-packages\django\template\loaders\base.py first seen with mtime 1725772860.8293948
File C:\Users\DEVENDRA\Desktop\speech-recognition\env\Lib\site-packages\charset_normalizer\api.py first seen with mtime 1725772961.371962
File C:\Users\DEVENDRA\Desktop\speech-recognition\env\Lib\site-packages\django\contrib\admin\__init__.py first seen with mtime 1725772854.8415408
File C:\Users\DEVENDRA\AppData\Local\Programs\Python\Python312\Lib\inspect.py first seen with mtime 1722958352.0
File C:\Users\DEVENDRA\AppData\Local\Programs\Python\Python312\Lib\ctypes\_endian.py first seen with mtime 1722958350.0
File C:\Users\DEVENDRA\AppData\Local\Programs\Python\Python312\Lib\concurrent\__init__.py first seen with mtime 1722958350.0
File C:\Users\DEVENDRA\AppData\Local\Programs\Python\Python312\Lib\importlib\resources\_adapters.py first seen with mtime 1722958352.0
File C:\Users\DEVENDRA\Desktop\speech-recognition\env\Lib\site-packages\django\forms\utils.py first seen with mtime 1725772860.6419396
File C:\Users\DEVENDRA\Desktop\speech-recognition\env\Lib\site-packages\urllib3\util\ssl_.py first seen with mtime 1725772956.9172306
File C:\Users\DEVENDRA\AppData\Local\Programs\Python\Python312\Lib\encodings\__init__.py first seen with mtime 1722958350.0
File C:\Users\DEVENDRA\AppData\Local\Programs\Python\Python312\Lib\asyncio\base_events.py first seen with mtime 1722958350.0
File C:\Users\DEVENDRA\Desktop\speech-recognition\env\Lib\site-packages\django\utils\numberformat.py first seen with mtime 1725772860.907501
File C:\Users\DEVENDRA\Desktop\speech-recognition\env\Lib\site-packages\lxml\__init__.py first seen with mtime 1725772958.4849021
File C:\Users\DEVENDRA\Desktop\speech-recognition\env\Lib\site-packages\django\utils\__init__.py first seen with mtime 1725772860.8762684
File C:\Users\DEVENDRA\Desktop\speech-recognition\env\Lib\site-packages\django\template\autoreload.py first seen with mtime 1725772860.7981596
File C:\Users\DEVENDRA\AppData\Local\Programs\Python\Python312\Lib\html\entities.py first seen with mtime 1722958350.0
File C:\Users\DEVENDRA\Desktop\speech-recognition\env\Lib\site-packages\django\contrib\admin\apps.py first seen with mtime 1725772854.8415408
File C:\Users\DEVENDRA\Desktop\speech-recognition\env\Lib\site-packages\django\core\mail\utils.py first seen with mtime 1725772860.376377
File C:\Users\DEVENDRA\AppData\Local\Programs\Python\Python312\Lib\importlib\resources\readers.py first seen with mtime 1722958352.0
File C:\Users\DEVENDRA\Desktop\speech-recognition\env\Lib\site-packages\django\core\files\base.py first seen with mtime 1725772860.345134
File C:\Users\DEVENDRA\Desktop\speech-recognition\env\Lib\site-packages\django\db\models\sql\where.py first seen with mtime 1725772860.6263182
File C:\Users\DEVENDRA\Desktop\speech-recognition\env\Lib\site-packages\django\forms\boundfield.py first seen with mtime 1725772860.6263182
File C:\Users\DEVENDRA\Desktop\speech-recognition\assistent\manage.py first seen with mtime 1725600727.2811675
File C:\Users\DEVENDRA\Desktop\speech-recognition\env\Lib\site-packages\django\contrib\admin\templatetags\base.py first seen with mtime 1725772855.7960572
File C:\Users\DEVENDRA\Desktop\speech-recognition\env\Lib\site-packages\django\db\migrations\exceptions.py first seen with mtime 1725772860.5325904
File C:\Users\DEVENDRA\AppData\Local\Programs\Python\Python312\Lib\pathlib.py first seen with mtime 1722958352.0
File C:\Users\DEVENDRA\AppData\Local\Programs\Python\Python312\Lib\random.py first seen with mtime 1722958352.0
File C:\Users\DEVENDRA\Desktop\speech-recognition\env\Lib\site-packages\django\dispatch\dispatcher.py first seen with mtime 1725772860.6263182
File C:\Users\DEVENDRA\AppData\Local\Programs\Python\Python312\Lib\re\_casefix.py first seen with mtime 1722958352.0
File C:\Users\DEVENDRA\Desktop\speech-recognition\env\Lib\site-packages\speech_recognition\exceptions.py first seen with mtime 1725773034.9535527
File C:\Users\DEVENDRA\Desktop\speech-recognition\env\Lib\site-packages\django\urls\resolvers.py first seen with mtime 1725772860.8606377
File C:\Users\DEVENDRA\AppData\Local\Programs\Python\Python312\Lib\asyncio\mixins.py first seen with mtime 1722958350.0
File C:\Users\DEVENDRA\AppData\Local\Programs\Python\Python312\Lib\stringprep.py first seen with mtime 1722958352.0
File C:\Users\DEVENDRA\AppData\Local\Programs\Python\Python312\Lib\email\_parseaddr.py first seen with mtime 1722958350.0
File C:\Users\DEVENDRA\Desktop\speech-recognition\env\Lib\site-packages\typing_extensions.py first seen with mtime 1725772957.9557302
File C:\Users\DEVENDRA\Desktop\speech-recognition\env\Lib\site-packages\pyppeteer\helper.py first seen with mtime 1725772966.2575843
File C:\Users\DEVENDRA\AppData\Local\Programs\Python\Python312\Lib\chunk.py first seen with mtime 1722958350.0
File C:\Users\DEVENDRA\Desktop\speech-recognition\env\Lib\site-packages\pyppeteer\input.py first seen with mtime 1725772966.2575843
File C:\Users\DEVENDRA\AppData\Local\Programs\Python\Python312\Lib\importlib\resources\abc.py first seen with mtime 1722958352.0
File C:\Users\DEVENDRA\Desktop\speech-recognition\env\Lib\site-packages\pydub\exceptions.py first seen with mtime 1725772954.8395154
File C:\Users\DEVENDRA\Desktop\speech-recognition\env\Lib\site-packages\urllib3\util\request.py first seen with mtime 1725772956.9172306
File C:\Users\DEVENDRA\AppData\Local\Programs\Python\Python312\Lib\email\charset.py first seen with mtime 1722958350.0
File C:\Users\DEVENDRA\Desktop\speech-recognition\env\Lib\site-packages\django\contrib\admin\templatetags\admin_modify.py first seen with mtime 1725772855.7804375
File C:\Users\DEVENDRA\AppData\Local\Programs\Python\Python312\Lib\asyncio\coroutines.py first seen with mtime 1722958350.0
File C:\Users\DEVENDRA\Desktop\speech-recognition\env\Lib\site-packages\django\contrib\admin\checks.py first seen with mtime 1725772854.8415408
File C:\Users\DEVENDRA\AppData\Local\Programs\Python\Python312\Lib\functools.py first seen with mtime 1722958350.0
File C:\Users\DEVENDRA\Desktop\speech-recognition\env\Lib\site-packages\django\templatetags\l10n.py first seen with mtime 1725772860.845016
File C:\Users\DEVENDRA\AppData\Local\Programs\Python\Python312\Lib\_compat_pickle.py first seen with mtime 1722958350.0
File C:\Users\DEVENDRA\Desktop\speech-recognition\env\Lib\site-packages\django\conf\global_settings.py first seen with mtime 1725772854.2947934
File C:\Users\DEVENDRA\Desktop\speech-recognition\env\Lib\site-packages\django\db\backends\utils.py first seen with mtime 1725772860.4544837
File C:\Users\DEVENDRA\Desktop\speech-recognition\assistent\myapp\admin.py first seen with mtime 1725600746.6921124
File C:\Users\DEVENDRA\Desktop\speech-recognition\env\Lib\site-packages\django\db\backends\base\client.py first seen with mtime 1725772860.4544837
File C:\Users\DEVENDRA\Desktop\speech-recognition\env\Lib\site-packages\django\db\models\functions\comparison.py first seen with mtime 1725772860.6107023
File C:\Users\DEVENDRA\Desktop\speech-recognition\env\Lib\site-packages\django\db\backends\sqlite3\_functions.py first seen with mtime 1725772860.5169694
File C:\Users\DEVENDRA\Desktop\speech-recognition\env\Lib\site-packages\django\core\files\utils.py first seen with mtime 1725772860.3607574
File C:\Users\DEVENDRA\AppData\Local\Programs\Python\Python312\Lib\tempfile.py first seen with mtime 1722958352.0
File C:\Users\DEVENDRA\Desktop\speech-recognition\env\Lib\site-packages\websockets\imports.py first seen with mtime 1725772955.401882
File C:\Users\DEVENDRA\Desktop\speech-recognition\env\Lib\site-packages\django\core\checks\model_checks.py first seen with mtime 1725772860.3295145
File C:\Users\DEVENDRA\Desktop\speech-recognition\env\Lib\site-packages\colorama\win32.py first seen with mtime 1725772960.9368186
File C:\Users\DEVENDRA\AppData\Local\Programs\Python\Python312\Lib\collections\__init__.py first seen with mtime 1722958350.0
File C:\Users\DEVENDRA\Desktop\speech-recognition\env\Lib\site-packages\django\core\checks\compatibility\__init__.py first seen with mtime 1725772860.345134
File C:\Users\DEVENDRA\AppData\Local\Programs\Python\Python312\Lib\email\mime\base.py first seen with mtime 1722958350.0
File C:\Users\DEVENDRA\AppData\Local\Programs\Python\Python312\Lib\wave.py first seen with mtime 1722958352.0
File C:\Users\DEVENDRA\AppData\Local\Programs\Python\Python312\Lib\__future__.py first seen with mtime 1722958350.0
File C:\Users\DEVENDRA\Desktop\speech-recognition\env\Lib\site-packages\pyppeteer\dialog.py first seen with mtime 1725772966.2575843
File C:\Users\DEVENDRA\Desktop\speech-recognition\env\Lib\site-packages\websockets\legacy\http.py first seen with mtime 1725772955.433127
File C:\Users\DEVENDRA\AppData\Local\Programs\Python\Python312\Lib\asyncio\threads.py first seen with mtime 1722958350.0
File C:\Users\DEVENDRA\Desktop\speech-recognition\env\Lib\site-packages\django\contrib\admin\views\autocomplete.py first seen with mtime 1725772855.7960572
File C:\Users\DEVENDRA\Desktop\speech-recognition\env\Lib\site-packages\django\db\migrations\operations\special.py first seen with mtime 1725772860.5638323
File C:\Users\DEVENDRA\Desktop\speech-recognition\env\Lib\site-packages\django\utils\lorem_ipsum.py first seen with mtime 1725772860.907501
File C:\Users\DEVENDRA\Desktop\speech-recognition\env\Lib\site-packages\cssselect\parser.py first seen with mtime 1725772960.7962248
File C:\Users\DEVENDRA\Desktop\speech-recognition\env\Lib\site-packages\soupsieve\util.py first seen with mtime 1725772958.1119502
File C:\Users\DEVENDRA\Desktop\speech-recognition\env\Lib\site-packages\django\core\cache\backends\base.py first seen with mtime 1725772860.313892
File C:\Users\DEVENDRA\AppData\Local\Programs\Python\Python312\Lib\email\errors.py first seen with mtime 1722958350.0
File C:\Users\DEVENDRA\Desktop\speech-recognition\env\Lib\site-packages\gtts\langs.py first seen with mtime 1725772967.3759115
File C:\Users\DEVENDRA\Desktop\speech-recognition\env\Lib\site-packages\django\core\management\base.py first seen with mtime 1725772860.3919983
File C:\Users\DEVENDRA\Desktop\speech-recognition\env\Lib\site-packages\django\http\__init__.py first seen with mtime 1725772860.7669096
File C:\Users\DEVENDRA\AppData\Local\Programs\Python\Python312\Lib\base64.py first seen with mtime 1722958350.0
File C:\Users\DEVENDRA\AppData\Local\Programs\Python\Python312\Lib\wsgiref\__init__.py first seen with mtime 1722958352.0
File C:\Users\DEVENDRA\Desktop\speech-recognition\env\Lib\site-packages\websockets\streams.py first seen with mtime 1725772955.401882
File C:\Users\DEVENDRA\Desktop\speech-recognition\env\Lib\site-packages\django\urls\utils.py first seen with mtime 1725772860.8606377
File C:\Users\DEVENDRA\Desktop\speech-recognition\env\Lib\site-packages\colorama\winterm.py first seen with mtime 1725772960.9368186
File C:\Users\DEVENDRA\Desktop\speech-recognition\env\Lib\site-packages\requests\packages.py first seen with mtime 1725772962.9685447
File C:\Users\DEVENDRA\Desktop\speech-recognition\env\Lib\site-packages\charset_normalizer\version.py first seen with mtime 1725772961.3875837
File C:\Users\DEVENDRA\Desktop\speech-recognition\env\Lib\site-packages\django\db\migrations\__init__.py first seen with mtime 1725772860.5325904
File C:\Users\DEVENDRA\Desktop\speech-recognition\env\Lib\site-packages\django\db\models\utils.py first seen with mtime 1725772860.579453
File C:\Users\DEVENDRA\AppData\Local\Programs\Python\Python312\Lib\email\generator.py first seen with mtime 1722958350.0
File C:\Users\DEVENDRA\AppData\Local\Programs\Python\Python312\Lib\asyncio\sslproto.py first seen with mtime 1722958350.0
File C:\Users\DEVENDRA\Desktop\speech-recognition\env\Lib\site-packages\bs4\element.py first seen with mtime 1725772965.0078182
File C:\Users\DEVENDRA\Desktop\speech-recognition\env\Lib\site-packages\django\contrib\auth\decorators.py first seen with mtime 1725772856.2178335
File C:\Users\DEVENDRA\Desktop\speech-recognition\env\Lib\site-packages\django\db\models\manager.py first seen with mtime 1725772860.579453
File C:\Users\DEVENDRA\Desktop\speech-recognition\env\Lib\site-packages\django\contrib\messages\apps.py first seen with mtime 1725772858.5147135
File C:\Users\DEVENDRA\Desktop\speech-recognition\env\Lib\site-packages\django\db\models\functions\window.py first seen with mtime 1725772860.6107023
File C:\Users\DEVENDRA\Desktop\speech-recognition\env\Lib\site-packages\pyppeteer\tracing.py first seen with mtime 1725772966.3073997
File C:\Users\DEVENDRA\Desktop\speech-recognition\env\Lib\site-packages\django\contrib\staticfiles\management\commands\runserver.py first seen with mtime 1725772860.2826488
File C:\Users\DEVENDRA\Desktop\speech-recognition\env\Lib\site-packages\speech_recognition\recognizers\whisper.py first seen with mtime 1725773035.6408913
File C:\Users\DEVENDRA\Desktop\speech-recognition\env\Lib\site-packages\websockets\extensions\__init__.py first seen with mtime 1725772955.4175048
File C:\Users\DEVENDRA\Desktop\speech-recognition\env\Lib\site-packages\django\contrib\sessions\models.py first seen with mtime 1725772859.5172038
File C:\Users\DEVENDRA\Desktop\speech-recognition\env\Lib\site-packages\django\contrib\messages\__init__.py first seen with mtime 1725772858.5147135
File C:\Users\DEVENDRA\Desktop\speech-recognition\env\Lib\site-packages\idna\intranges.py first seen with mtime 1725772960.3272853
File C:\Users\DEVENDRA\Desktop\speech-recognition\env\Lib\site-packages\django\views\decorators\debug.py first seen with mtime 1725772860.9387481
File C:\Users\DEVENDRA\Desktop\speech-recognition\env\Lib\site-packages\sqlparse\filters\__init__.py first seen with mtime 1725772853.4356217
File C:\Users\DEVENDRA\Desktop\speech-recognition\env\Lib\site-packages\django\db\models\deletion.py first seen with mtime 1725772860.5638323
File C:\Users\DEVENDRA\Desktop\speech-recognition\env\Lib\site-packages\django\contrib\auth\__init__.py first seen with mtime 1725772856.2022169
File C:\Users\DEVENDRA\Desktop\speech-recognition\env\Lib\site-packages\speech_recognition\recognizers\__init__.py first seen with mtime 1725773035.6408913
File C:\Users\DEVENDRA\AppData\Local\Programs\Python\Python312\Lib\aifc.py first seen with mtime 1722958350.0
File C:\Users\DEVENDRA\Desktop\speech-recognition\env\Lib\site-packages\django\core\files\storage\base.py first seen with mtime 1725772860.3607574
File C:\Users\DEVENDRA\Desktop\speech-recognition\env\Lib\site-packages\django\contrib\auth\admin.py first seen with mtime 1725772856.2178335
File C:\Users\DEVENDRA\Desktop\speech-recognition\env\Lib\site-packages\gtts\tokenizer\symbols.py first seen with mtime 1725772967.407153
File C:\Users\DEVENDRA\Desktop\speech-recognition\env\Lib\site-packages\django\contrib\auth\middleware.py first seen with mtime 1725772856.2334647
File C:\Users\DEVENDRA\Desktop\speech-recognition\env\Lib\site-packages\sqlparse\engine\filter_stack.py first seen with mtime 1725772853.4200003
File C:\Users\DEVENDRA\Desktop\speech-recognition\env\Lib\site-packages\django\db\__init__.py first seen with mtime 1725772860.4544837
File C:\Users\DEVENDRA\AppData\Local\Programs\Python\Python312\Lib\hashlib.py first seen with mtime 1722958350.0
File C:\Users\DEVENDRA\AppData\Local\Programs\Python\Python312\Lib\socketserver.py first seen with mtime 1722958352.0
File C:\Users\DEVENDRA\AppData\Local\Programs\Python\Python312\Lib\importlib\resources\_legacy.py first seen with mtime 1722958352.0
File C:\Users\DEVENDRA\AppData\Local\Programs\Python\Python312\Lib\email\contentmanager.py first seen with mtime 1722958350.0
File C:\Users\DEVENDRA\Desktop\speech-recognition\env\Lib\site-packages\pyppeteer\browser.py first seen with mtime 1725772966.2411702
File C:\Users\DEVENDRA\Desktop\speech-recognition\env\Lib\site-packages\urllib3\util\timeout.py first seen with mtime 1725772956.9328532
File C:\Users\DEVENDRA\Desktop\speech-recognition\env\Lib\site-packages\django\utils\dates.py first seen with mtime 1725772860.8918798
File C:\Users\DEVENDRA\Desktop\speech-recognition\env\Lib\site-packages\django\utils\tree.py first seen with mtime 1725772860.9231231
File C:\Users\DEVENDRA\Desktop\speech-recognition\env\Lib\site-packages\django\template\loaders\app_directories.py first seen with mtime 1725772860.8293948
File C:\Users\DEVENDRA\AppData\Local\Programs\Python\Python312\Lib\platform.py first seen with mtime 1722958352.0
File C:\Users\DEVENDRA\AppData\Local\Programs\Python\Python312\Lib\email\feedparser.py first seen with mtime 1722958350.0
File C:\Users\DEVENDRA\Desktop\speech-recognition\env\Lib\site-packages\django\contrib\auth\hashers.py first seen with mtime 1725772856.2334647
File C:\Users\DEVENDRA\AppData\Local\Programs\Python\Python312\Lib\wsgiref\handlers.py first seen with mtime 1722958352.0
File C:\Users\DEVENDRA\AppData\Local\Programs\Python\Python312\DLLs\select.pyd first seen with mtime 1722958396.0
File C:\Users\DEVENDRA\AppData\Local\Programs\Python\Python312\Lib\pprint.py first seen with mtime 1722958352.0
File C:\Users\DEVENDRA\Desktop\speech-recognition\env\Lib\site-packages\django\core\files\images.py first seen with mtime 1725772860.345134
File C:\Users\DEVENDRA\AppData\Local\Programs\Python\Python312\Lib\importlib\abc.py first seen with mtime 1722958352.0
File C:\Users\DEVENDRA\Desktop\speech-recognition\env\Lib\site-packages\django\http\cookie.py first seen with mtime 1725772860.7669096
File C:\Users\DEVENDRA\AppData\Local\Programs\Python\Python312\Lib\heapq.py first seen with mtime 1722958350.0
File C:\Users\DEVENDRA\Desktop\speech-recognition\env\Lib\site-packages\websockets\__init__.py first seen with mtime 1725772955.386262
File C:\Users\DEVENDRA\Desktop\speech-recognition\env\Lib\site-packages\django\contrib\staticfiles\views.py first seen with mtime 1725772860.2826488
File C:\Users\DEVENDRA\AppData\Local\Programs\Python\Python312\Lib\asyncio\timeouts.py first seen with mtime 1722958350.0
File C:\Users\DEVENDRA\Desktop\speech-recognition\env\Lib\site-packages\idna\core.py first seen with mtime 1725772960.3272853
File C:\Users\DEVENDRA\Desktop\speech-recognition\env\Lib\site-packages\django\contrib\contenttypes\__init__.py first seen with mtime 1725772856.7177155
File C:\Users\DEVENDRA\Desktop\speech-recognition\assistent\myapp\views.py first seen with mtime 1725951902.4442682
File C:\Users\DEVENDRA\Desktop\speech-recognition\env\Lib\site-packages\django\db\models\sql\datastructures.py first seen with mtime 1725772860.6107023
File C:\Users\DEVENDRA\Desktop\speech-recognition\env\Lib\site-packages\idna\idnadata.py first seen with mtime 1725772960.3272853
File C:\Users\DEVENDRA\Desktop\speech-recognition\env\Lib\site-packages\django\urls\conf.py first seen with mtime 1725772860.8606377
File C:\Users\DEVENDRA\AppData\Local\Programs\Python\Python312\Lib\encodings\cp1252.py first seen with mtime 1722958350.0
File C:\Users\DEVENDRA\Desktop\speech-recognition\env\Lib\site-packages\tqdm\gui.py first seen with mtime 1725772961.9671962
File C:\Users\DEVENDRA\Desktop\speech-recognition\env\Lib\site-packages\django\template\smartif.py first seen with mtime 1725772860.8137732
File C:\Users\DEVENDRA\AppData\Local\Programs\Python\Python312\Lib\getpass.py first seen with mtime 1722958350.0
File C:\Users\DEVENDRA\Desktop\speech-recognition\env\Lib\site-packages\django\contrib\admin\templatetags\__init__.py first seen with mtime 1725772855.7804375
File C:\Users\DEVENDRA\AppData\Local\Programs\Python\Python312\Lib\asyncio\__init__.py first seen with mtime 1722958350.0
File C:\Users\DEVENDRA\AppData\Local\Programs\Python\Python312\Lib\http\cookiejar.py first seen with mtime 1722958350.0
File C:\Users\DEVENDRA\Desktop\speech-recognition\env\Lib\site-packages\urllib3\util\response.py first seen with mtime 1725772956.9172306
File C:\Users\DEVENDRA\Desktop\speech-recognition\env\Lib\site-packages\django\db\models\fields\related.py first seen with mtime 1725772860.5950756
File C:\Users\DEVENDRA\Desktop\speech-recognition\env\Lib\site-packages\websockets\legacy\compatibility.py first seen with mtime 1725772955.4175048
File C:\Users\DEVENDRA\Desktop\speech-recognition\env\Lib\site-packages\django\templatetags\__init__.py first seen with mtime 1725772860.845016
File C:\Users\DEVENDRA\Desktop\speech-recognition\env\Lib\site-packages\parse.py first seen with mtime 1725772955.073836
File C:\Users\DEVENDRA\Desktop\speech-recognition\env\Lib\site-packages\django\core\files\storage\filesystem.py first seen with mtime 1725772860.3607574
File C:\Users\DEVENDRA\Desktop\speech-recognition\env\Lib\site-packages\websockets\extensions\permessage_deflate.py first seen with mtime 1725772955.4175048
File C:\Users\DEVENDRA\Desktop\speech-recognition\env\Lib\site-packages\django\template\loader.py first seen with mtime 1725772860.8137732
File C:\Users\DEVENDRA\Desktop\speech-recognition\env\Lib\site-packages\gtts\tts.py first seen with mtime 1725772967.3759115
File C:\Users\DEVENDRA\Desktop\speech-recognition\env\Lib\site-packages\django\core\validators.py first seen with mtime 1725772860.2982693
File C:\Users\DEVENDRA\Desktop\speech-recognition\env\Lib\site-packages\fake_useragent\settings.py first seen with mtime 1725772955.1363208
File C:\Users\DEVENDRA\Desktop\speech-recognition\env\Lib\site-packages\django\db\migrations\operations\fields.py first seen with mtime 1725772860.5638323
File C:\Users\DEVENDRA\Desktop\speech-recognition\env\Lib\site-packages\django\views\decorators\__init__.py first seen with mtime 1725772860.9387481
File C:\Users\DEVENDRA\AppData\Local\Programs\Python\Python312\Lib\zipfile\_path\__init__.py first seen with mtime 1722958352.0
File C:\Users\DEVENDRA\Desktop\speech-recognition\env\Lib\site-packages\django\core\checks\registry.py first seen with mtime 1725772860.3295145
File C:\Users\DEVENDRA\Desktop\speech-recognition\env\Lib\site-packages\django\db\backends\base\__init__.py first seen with mtime 1725772860.4544837
File C:\Users\DEVENDRA\AppData\Local\Programs\Python\Python312\Lib\email\headerregistry.py first seen with mtime 1722958350.0
File C:\Users\DEVENDRA\Desktop\speech-recognition\env\Lib\site-packages\lxml\etree.cp312-win_amd64.pyd first seen with mtime 1725772958.5786304
File C:\Users\DEVENDRA\Desktop\speech-recognition\env\Lib\site-packages\pydub\utils.py first seen with mtime 1725772954.8551493
File C:\Users\DEVENDRA\Desktop\speech-recognition\env\Lib\site-packages\charset_normalizer\constant.py first seen with mtime 1725772961.371962
File C:\Users\DEVENDRA\Desktop\speech-recognition\env\Lib\site-packages\django\core\management\commands\__init__.py first seen with mtime 1725772860.3919983
File C:\Users\DEVENDRA\Desktop\speech-recognition\env\Lib\site-packages\pyquery\openers.py first seen with mtime 1725772963.5206416
File C:\Users\DEVENDRA\Desktop\speech-recognition\env\Lib\site-packages\w3lib\__init__.py first seen with mtime 1725772956.2454362
File C:\Users\DEVENDRA\Desktop\speech-recognition\env\Lib\site-packages\django\contrib\admin\utils.py first seen with mtime 1725772854.8571608
File C:\Users\DEVENDRA\AppData\Local\Programs\Python\Python312\Lib\json\decoder.py first seen with mtime 1722958352.0
File C:\Users\DEVENDRA\Desktop\speech-recognition\env\Lib\site-packages\lxml\html\__init__.py first seen with mtime 1725772958.797328
File C:\Users\DEVENDRA\Desktop\speech-recognition\env\Lib\site-packages\pyppeteer\multimap.py first seen with mtime 1725772966.2743452
File C:\Users\DEVENDRA\AppData\Local\Programs\Python\Python312\Lib\copy.py first seen with mtime 1722958350.0
File C:\Users\DEVENDRA\Desktop\speech-recognition\env\Lib\site-packages\django\contrib\admin\sites.py first seen with mtime 1725772854.8571608
File C:\Users\DEVENDRA\Desktop\speech-recognition\env\Lib\site-packages\django\forms\fields.py first seen with mtime 1725772860.6263182
File C:\Users\DEVENDRA\Desktop\speech-recognition\env\Lib\site-packages\django\core\checks\messages.py first seen with mtime 1725772860.3295145
File C:\Users\DEVENDRA\Desktop\speech-recognition\env\Lib\site-packages\django\utils\duration.py first seen with mtime 1725772860.8918798
File C:\Users\DEVENDRA\AppData\Local\Programs\Python\Python312\Lib\email\quoprimime.py first seen with mtime 1722958350.0
File C:\Users\DEVENDRA\Desktop\speech-recognition\env\Lib\site-packages\django\utils\timezone.py first seen with mtime 1725772860.9231231
File C:\Users\DEVENDRA\AppData\Local\Programs\Python\Python312\Lib\ctypes\wintypes.py first seen with mtime 1722958350.0
File C:\Users\DEVENDRA\AppData\Local\Programs\Python\Python312\Lib\warnings.py first seen with mtime 1722958352.0
File C:\Users\DEVENDRA\Desktop\speech-recognition\env\Lib\site-packages\django\core\management\color.py first seen with mtime 1725772860.3919983
File C:\Users\DEVENDRA\AppData\Local\Programs\Python\Python312\Lib\urllib\parse.py first seen with mtime 1722958352.0
File C:\Users\DEVENDRA\AppData\Local\Programs\Python\Python312\Lib\fnmatch.py first seen with mtime 1722958350.0
File C:\Users\DEVENDRA\AppData\Local\Programs\Python\Python312\Lib\importlib\metadata\_adapters.py first seen with mtime 1722958352.0
File C:\Users\DEVENDRA\Desktop\speech-recognition\env\Lib\site-packages\django\core\cache\utils.py first seen with mtime 1725772860.313892
File C:\Users\DEVENDRA\Desktop\speech-recognition\env\Lib\site-packages\django\contrib\sessions\__init__.py first seen with mtime 1725772859.5172038
File C:\Users\DEVENDRA\Desktop\speech-recognition\env\Lib\site-packages\charset_normalizer\models.py first seen with mtime 1725772961.3875837
File C:\Users\DEVENDRA\Desktop\speech-recognition\env\Lib\site-packages\django\urls\exceptions.py first seen with mtime 1725772860.8606377
File C:\Users\DEVENDRA\Desktop\speech-recognition\env\Lib\site-packages\django\db\models\fields\json.py first seen with mtime 1725772860.5950756
File C:\Users\DEVENDRA\Desktop\speech-recognition\env\Lib\site-packages\django\db\models\functions\datetime.py first seen with mtime 1725772860.6107023
File C:\Users\DEVENDRA\Desktop\speech-recognition\env\Lib\site-packages\django\core\handlers\__init__.py first seen with mtime 1725772860.3607574
File C:\Users\DEVENDRA\AppData\Local\Programs\Python\Python312\Lib\typing.py first seen with mtime 1722958352.0
File C:\Users\DEVENDRA\Desktop\speech-recognition\env\Lib\site-packages\django\contrib\auth\models.py first seen with mtime 1725772856.2334647
File C:\Users\DEVENDRA\Desktop\speech-recognition\env\Lib\site-packages\django\core\exceptions.py first seen with mtime 1725772860.2982693
File C:\Users\DEVENDRA\Desktop\speech-recognition\env\Lib\site-packages\django\db\backends\ddl_references.py first seen with mtime 1725772860.4544837
File C:\Users\DEVENDRA\AppData\Local\Programs\Python\Python312\Lib\html\parser.py first seen with mtime 1722958350.0
File C:\Users\DEVENDRA\Desktop\speech-recognition\env\Lib\site-packages\sqlparse\filters\right_margin.py first seen with mtime 1725772853.4356217
File C:\Users\DEVENDRA\AppData\Local\Programs\Python\Python312\Lib\zipfile\__init__.py first seen with mtime 1722958352.0
File C:\Users\DEVENDRA\Desktop\speech-recognition\env\Lib\site-packages\django\contrib\sessions\base_session.py first seen with mtime 1725772859.5172038
File C:\Users\DEVENDRA\AppData\Local\Programs\Python\Python312\Lib\concurrent\futures\_base.py first seen with mtime 1722958350.0
File C:\Users\DEVENDRA\Desktop\speech-recognition\env\Lib\site-packages\pyppeteer\connection.py first seen with mtime 1725772966.2411702
File C:\Users\DEVENDRA\AppData\Local\Programs\Python\Python312\Lib\fractions.py first seen with mtime 1722958350.0
File C:\Users\DEVENDRA\AppData\Local\Programs\Python\Python312\Lib\reprlib.py first seen with mtime 1722958352.0
File C:\Users\DEVENDRA\Desktop\speech-recognition\env\Lib\site-packages\django\core\servers\__init__.py first seen with mtime 1725772860.4388618
File C:\Users\DEVENDRA\AppData\Local\Programs\Python\Python312\DLLs\_ssl.pyd first seen with mtime 1722958396.0
File C:\Users\DEVENDRA\Desktop\speech-recognition\env\Lib\site-packages\urllib3\util\proxy.py first seen with mtime 1725772956.9172306
File C:\Users\DEVENDRA\Desktop\speech-recognition\env\Lib\site-packages\django\contrib\auth\management\__init__.py first seen with mtime 1725772856.686473
File C:\Users\DEVENDRA\AppData\Local\Programs\Python\Python312\Lib\importlib\metadata\_functools.py first seen with mtime 1722958352.0
File C:\Users\DEVENDRA\Desktop\speech-recognition\env\Lib\site-packages\sqlparse\engine\__init__.py first seen with mtime 1725772853.4200003
File C:\Users\DEVENDRA\AppData\Local\Programs\Python\Python312\Lib\http\cookies.py first seen with mtime 1722958350.0
File C:\Users\DEVENDRA\Desktop\speech-recognition\env\Lib\site-packages\soupsieve\__meta__.py first seen with mtime 1725772958.0963225
File C:\Users\DEVENDRA\Desktop\speech-recognition\env\Lib\site-packages\speech_recognition\audio.py first seen with mtime 1725773034.9535527
File C:\Users\DEVENDRA\Desktop\speech-recognition\env\Lib\site-packages\django\views\generic\detail.py first seen with mtime 1725772860.954366
File C:\Users\DEVENDRA\AppData\Local\Programs\Python\Python312\Lib\nturl2path.py first seen with mtime 1722958352.0
File C:\Users\DEVENDRA\Desktop\speech-recognition\env\Lib\site-packages\django\contrib\admin\filters.py first seen with mtime 1725772854.8415408
File C:\Users\DEVENDRA\Desktop\speech-recognition\env\Lib\site-packages\django\core\serializers\__init__.py first seen with mtime 1725772860.4388618
File C:\Users\DEVENDRA\Desktop\speech-recognition\env\Lib\site-packages\django\db\models\lookups.py first seen with mtime 1725772860.579453
File C:\Users\DEVENDRA\Desktop\speech-recognition\env\Lib\site-packages\django\dispatch\__init__.py first seen with mtime 1725772860.6263182
File C:\Users\DEVENDRA\Desktop\speech-recognition\env\Lib\site-packages\django\utils\regex_helper.py first seen with mtime 1725772860.907501
File C:\Users\DEVENDRA\Desktop\speech-recognition\env\Lib\site-packages\django\core\files\locks.py first seen with mtime 1725772860.345134
File C:\Users\DEVENDRA\Desktop\speech-recognition\env\Lib\site-packages\pydub\audio_segment.py first seen with mtime 1725772954.8395154
File C:\Users\DEVENDRA\Desktop\speech-recognition\env\Lib\site-packages\django\contrib\auth\validators.py first seen with mtime 1725772856.2334647
File C:\Users\DEVENDRA\AppData\Local\Programs\Python\Python312\Lib\asyncio\exceptions.py first seen with mtime 1722958350.0
File C:\Users\DEVENDRA\Desktop\speech-recognition\env\Lib\site-packages\gtts\tokenizer\tokenizer_cases.py first seen with mtime 1725772967.407153
File C:\Users\DEVENDRA\Desktop\speech-recognition\env\Lib\site-packages\django\core\checks\__init__.py first seen with mtime 1725772860.3295145
File C:\Users\DEVENDRA\Desktop\speech-recognition\env\Lib\site-packages\bs4\builder\__init__.py first seen with mtime 1725772965.024425
File C:\Users\DEVENDRA\Desktop\speech-recognition\env\Lib\site-packages\gtts\version.py first seen with mtime 1725772967.3915398
File C:\Users\DEVENDRA\Desktop\speech-recognition\env\Lib\site-packages\pydub\__init__.py first seen with mtime 1725772954.8395154
File C:\Users\DEVENDRA\Desktop\speech-recognition\env\Lib\site-packages\django\contrib\messages\utils.py first seen with mtime 1725772858.5147135
File C:\Users\DEVENDRA\AppData\Local\Programs\Python\Python312\Lib\asyncio\log.py first seen with mtime 1722958350.0
File C:\Users\DEVENDRA\AppData\Local\Programs\Python\Python312\DLLs\_decimal.pyd first seen with mtime 1722958396.0
File C:\Users\DEVENDRA\Desktop\speech-recognition\env\Lib\site-packages\urllib3\util\url.py first seen with mtime 1725772956.9328532
File C:\Users\DEVENDRA\Desktop\speech-recognition\env\Lib\site-packages\sqlparse\filters\aligned_indent.py first seen with mtime 1725772853.4356217
File C:\Users\DEVENDRA\Desktop\speech-recognition\env\Lib\site-packages\django\core\checks\templates.py first seen with mtime 1725772860.3295145
File C:\Users\DEVENDRA\AppData\Local\Programs\Python\Python312\Lib\importlib\metadata\_collections.py first seen with mtime 1722958352.0
File C:\Users\DEVENDRA\Desktop\speech-recognition\env\Lib\site-packages\django\contrib\auth\apps.py first seen with mtime 1725772856.2178335
File C:\Users\DEVENDRA\AppData\Local\Programs\Python\Python312\Lib\tokenize.py first seen with mtime 1722958352.0
File C:\Users\DEVENDRA\Desktop\speech-recognition\env\Lib\site-packages\django\utils\inspect.py first seen with mtime 1725772860.907501
File C:\Users\DEVENDRA\Desktop\speech-recognition\env\Lib\site-packages\pyppeteer\target.py first seen with mtime 1725772966.3073997
File C:\Users\DEVENDRA\AppData\Local\Programs\Python\Python312\Lib\asyncio\locks.py first seen with mtime 1722958350.0
File C:\Users\DEVENDRA\Desktop\speech-recognition\env\Lib\site-packages\colorama\ansi.py first seen with mtime 1725772960.9368186
File C:\Users\DEVENDRA\Desktop\speech-recognition\env\Lib\site-packages\django\contrib\messages\constants.py first seen with mtime 1725772858.5147135
File C:\Users\DEVENDRA\Desktop\speech-recognition\env\Lib\site-packages\django\middleware\clickjacking.py first seen with mtime 1725772860.7825317
File C:\Users\DEVENDRA\Desktop\speech-recognition\env\Lib\site-packages\django\utils\module_loading.py first seen with mtime 1725772860.907501
File C:\Users\DEVENDRA\AppData\Local\Programs\Python\Python312\Lib\string.py first seen with mtime 1722958352.0
File C:\Users\DEVENDRA\AppData\Local\Programs\Python\Python312\Lib\zoneinfo\_tzpath.py first seen with mtime 1722958352.0
File C:\Users\DEVENDRA\Desktop\speech-recognition\env\Lib\site-packages\django\contrib\auth\views.py first seen with mtime 1725772856.2334647
File C:\Users\DEVENDRA\AppData\Local\Programs\Python\Python312\Lib\email\_policybase.py first seen with mtime 1722958350.0
File C:\Users\DEVENDRA\AppData\Local\Programs\Python\Python312\Lib\http\server.py first seen with mtime 1722958350.0
File C:\Users\DEVENDRA\Desktop\speech-recognition\env\Lib\site-packages\requests\adapters.py first seen with mtime 1725772962.9529228
File C:\Users\DEVENDRA\Desktop\speech-recognition\env\Lib\site-packages\gtts\__init__.py first seen with mtime 1725772967.3759115
File C:\Users\DEVENDRA\AppData\Local\Programs\Python\Python312\Lib\bisect.py first seen with mtime 1722958350.0
File C:\Users\DEVENDRA\Desktop\speech-recognition\env\Lib\site-packages\certifi\__init__.py first seen with mtime 1725772961.8422256
File C:\Users\DEVENDRA\AppData\Local\Programs\Python\Python312\Lib\ctypes\__init__.py first seen with mtime 1722958350.0
File C:\Users\DEVENDRA\Desktop\speech-recognition\env\Lib\site-packages\charset_normalizer\utils.py first seen with mtime 1725772961.3875837
File C:\Users\DEVENDRA\AppData\Local\Programs\Python\Python312\DLLs\_asyncio.pyd first seen with mtime 1722958396.0
File C:\Users\DEVENDRA\AppData\Local\Programs\Python\Python312\Lib\multiprocessing\process.py first seen with mtime 1722958352.0
File C:\Users\DEVENDRA\AppData\Local\Programs\Python\Python312\Lib\asyncio\proactor_events.py first seen with mtime 1722958350.0
File C:\Users\DEVENDRA\Desktop\speech-recognition\env\Lib\site-packages\sqlparse\lexer.py first seen with mtime 1725772853.4200003
File C:\Users\DEVENDRA\AppData\Local\Programs\Python\Python312\Lib\wsgiref\util.py first seen with mtime 1722958352.0
File C:\Users\DEVENDRA\Desktop\speech-recognition\env\Lib\site-packages\django\db\backends\__init__.py first seen with mtime 1725772860.4544837
File C:\Users\DEVENDRA\Desktop\speech-recognition\env\Lib\site-packages\django\contrib\auth\signals.py first seen with mtime 1725772856.2334647
File C:\Users\DEVENDRA\Desktop\speech-recognition\env\Lib\site-packages\django\utils\timesince.py first seen with mtime 1725772860.9231231
File C:\Users\DEVENDRA\Desktop\speech-recognition\env\Lib\site-packages\pyppeteer\execution_context.py first seen with mtime 1725772966.2575843
File C:\Users\DEVENDRA\AppData\Local\Programs\Python\Python312\Lib\uuid.py first seen with mtime 1722958352.0
File C:\Users\DEVENDRA\Desktop\speech-recognition\env\Lib\site-packages\django\contrib\admin\templatetags\admin_urls.py first seen with mtime 1725772855.7960572
File C:\Users\DEVENDRA\Desktop\speech-recognition\assistent\assistent\__init__.py first seen with mtime 1725600725.1683772
File C:\Users\DEVENDRA\AppData\Local\Programs\Python\Python312\Lib\json\scanner.py first seen with mtime 1722958352.0
File C:\Users\DEVENDRA\Desktop\speech-recognition\env\Lib\site-packages\django\contrib\staticfiles\management\__init__.py first seen with mtime 1725772860.2826488
File C:\Users\DEVENDRA\AppData\Local\Programs\Python\Python312\Lib\email\encoders.py first seen with mtime 1722958350.0
File C:\Users\DEVENDRA\Desktop\speech-recognition\env\Lib\site-packages\django\contrib\contenttypes\apps.py first seen with mtime 1725772856.7177155
File C:\Users\DEVENDRA\Desktop\speech-recognition\env\Lib\site-packages\django\db\backends\base\creation.py first seen with mtime 1725772860.4544837
File C:\Users\DEVENDRA\Desktop\speech-recognition\env\Lib\site-packages\tqdm\cli.py first seen with mtime 1725772961.9671962
File C:\Users\DEVENDRA\Desktop\speech-recognition\env\Lib\site-packages\django\db\models\options.py first seen with mtime 1725772860.579453
File C:\Users\DEVENDRA\AppData\Local\Programs\Python\Python312\Lib\asyncio\format_helpers.py first seen with mtime 1722958350.0
File C:\Users\DEVENDRA\Desktop\speech-recognition\env\Lib\site-packages\django\db\backends\sqlite3\creation.py first seen with mtime 1725772860.5169694
File C:\Users\DEVENDRA\Desktop\speech-recognition\env\Lib\site-packages\django\template\backends\django.py first seen with mtime 1725772860.8293948
File C:\Users\DEVENDRA\Desktop\speech-recognition\env\Lib\site-packages\django\utils\termcolors.py first seen with mtime 1725772860.907501
File C:\Users\DEVENDRA\Desktop\speech-recognition\env\Lib\site-packages\django\utils\asyncio.py first seen with mtime 1725772860.8762684
File C:\Users\DEVENDRA\AppData\Local\Programs\Python\Python312\Lib\asyncio\streams.py first seen with mtime 1722958350.0
File C:\Users\DEVENDRA\AppData\Local\Programs\Python\Python312\Lib\importlib\resources\_common.py first seen with mtime 1722958352.0
File C:\Users\DEVENDRA\AppData\Local\Programs\Python\Python312\Lib\ipaddress.py first seen with mtime 1722958352.0
File C:\Users\DEVENDRA\Desktop\speech-recognition\env\Lib\site-packages\sqlparse\cli.py first seen with mtime 1725772853.4043782
File C:\Users\DEVENDRA\Desktop\speech-recognition\env\Lib\site-packages\websockets\datastructures.py first seen with mtime 1725772955.386262
File C:\Users\DEVENDRA\Desktop\speech-recognition\env\Lib\site-packages\websockets\utils.py first seen with mtime 1725772955.4175048
File C:\Users\DEVENDRA\Desktop\speech-recognition\env\Lib\site-packages\django\db\models\sql\query.py first seen with mtime 1725772860.6263182
File C:\Users\DEVENDRA\Desktop\speech-recognition\env\Lib\site-packages\django\forms\models.py first seen with mtime 1725772860.6419396
File C:\Users\DEVENDRA\Desktop\speech-recognition\env\Lib\site-packages\pyppeteer\frame_manager.py first seen with mtime 1725772966.2575843
File C:\Users\DEVENDRA\Desktop\speech-recognition\env\Lib\site-packages\django\template\loader_tags.py first seen with mtime 1725772860.8137732
File C:\Users\DEVENDRA\Desktop\speech-recognition\env\Lib\site-packages\django\core\servers\basehttp.py first seen with mtime 1725772860.4388618
File C:\Users\DEVENDRA\Desktop\speech-recognition\env\Lib\site-packages\django\db\backends\sqlite3\base.py first seen with mtime 1725772860.5169694
File C:\Users\DEVENDRA\AppData\Local\Programs\Python\Python312\Lib\encodings\utf_8_sig.py first seen with mtime 1722958350.0
File C:\Users\DEVENDRA\Desktop\speech-recognition\env\Lib\site-packages\django\db\models\sql\subqueries.py first seen with mtime 1725772860.6263182
File C:\Users\DEVENDRA\Desktop\speech-recognition\env\Lib\site-packages\django\db\models\fields\__init__.py first seen with mtime 1725772860.5950756
File C:\Users\DEVENDRA\Desktop\speech-recognition\env\Lib\site-packages\gtts\tokenizer\__init__.py first seen with mtime 1725772967.3915398
File C:\Users\DEVENDRA\Desktop\speech-recognition\env\Lib\site-packages\django\utils\choices.py first seen with mtime 1725772860.8762684
File C:\Users\DEVENDRA\Desktop\speech-recognition\env\Lib\site-packages\django\template\library.py first seen with mtime 1725772860.8137732
File C:\Users\DEVENDRA\Desktop\speech-recognition\env\Lib\site-packages\django\core\serializers\base.py first seen with mtime 1725772860.4388618
File C:\Users\DEVENDRA\Desktop\speech-recognition\env\Lib\site-packages\requests\status_codes.py first seen with mtime 1725772962.9685447
File C:\Users\DEVENDRA\Desktop\speech-recognition\env\Lib\site-packages\django\core\mail\__init__.py first seen with mtime 1725772860.376377
File C:\Users\DEVENDRA\Desktop\speech-recognition\env\Lib\site-packages\django\utils\deprecation.py first seen with mtime 1725772860.8918798
File C:\Users\DEVENDRA\AppData\Local\Programs\Python\Python312\Lib\asyncio\constants.py first seen with mtime 1722958350.0
File C:\Users\DEVENDRA\Desktop\speech-recognition\env\Lib\site-packages\django\forms\forms.py first seen with mtime 1725772860.6263182
File C:\Users\DEVENDRA\Desktop\speech-recognition\env\Lib\site-packages\django\contrib\staticfiles\__init__.py first seen with mtime 1725772860.2670276
File C:\Users\DEVENDRA\Desktop\speech-recognition\env\Lib\site-packages\websockets\typing.py first seen with mtime 1725772955.401882
File C:\Users\DEVENDRA\Desktop\speech-recognition\env\Lib\site-packages\django\core\cache\backends\filebased.py first seen with mtime 1725772860.313892
File C:\Users\DEVENDRA\Desktop\speech-recognition\assistent\myapp\models.py first seen with mtime 1725951107.0315895
File C:\Users\DEVENDRA\Desktop\speech-recognition\env\Lib\site-packages\django\template\backends\__init__.py first seen with mtime 1725772860.8293948
File C:\Users\DEVENDRA\Desktop\speech-recognition\env\Lib\site-packages\websockets\http.py first seen with mtime 1725772955.401882
File C:\Users\DEVENDRA\Desktop\speech-recognition\env\Lib\site-packages\django\core\files\uploadhandler.py first seen with mtime 1725772860.3607574
File C:\Users\DEVENDRA\Desktop\speech-recognition\env\Lib\site-packages\django\contrib\contenttypes\views.py first seen with mtime 1725772856.7333374
File C:\Users\DEVENDRA\Desktop\speech-recognition\env\Lib\site-packages\pyppeteer\util.py first seen with mtime 1725772966.3073997
File C:\Users\DEVENDRA\Desktop\speech-recognition\env\Lib\site-packages\django\db\models\functions\__init__.py first seen with mtime 1725772860.6107023
File C:\Users\DEVENDRA\Desktop\speech-recognition\env\Lib\site-packages\django\utils\decorators.py first seen with mtime 1725772860.8918798
File C:\Users\DEVENDRA\Desktop\speech-recognition\env\Lib\site-packages\pyee\base.py first seen with mtime 1725772963.7862017
File C:\Users\DEVENDRA\AppData\Local\Programs\Python\Python312\Lib\wsgiref\headers.py first seen with mtime 1722958352.0
File C:\Users\DEVENDRA\Desktop\speech-recognition\env\Lib\site-packages\django\template\response.py first seen with mtime 1725772860.8137732
File C:\Users\DEVENDRA\Desktop\speech-recognition\env\Lib\site-packages\tqdm\__init__.py first seen with mtime 1725772961.9515748
File C:\Users\DEVENDRA\Desktop\speech-recognition\env\Lib\site-packages\django\contrib\sessions\apps.py first seen with mtime 1725772859.5172038
File C:\Users\DEVENDRA\Desktop\speech-recognition\env\Lib\site-packages\sqlparse\filters\tokens.py first seen with mtime 1725772853.4356217
File C:\Users\DEVENDRA\AppData\Local\Programs\Python\Python312\Lib\urllib\request.py first seen with mtime 1722958352.0
File C:\Users\DEVENDRA\Desktop\speech-recognition\env\Lib\site-packages\django\contrib\staticfiles\management\commands\__init__.py first seen with mtime 1725772860.2826488
File C:\Users\DEVENDRA\Desktop\speech-recognition\env\Lib\site-packages\urllib3\_version.py first seen with mtime 1725772956.8547454
File C:\Users\DEVENDRA\Desktop\speech-recognition\env\Lib\site-packages\django\utils\translation\trans_real.py first seen with mtime 1725772860.9231231
File C:\Users\DEVENDRA\AppData\Local\Programs\Python\Python312\Lib\contextlib.py first seen with mtime 1722958350.0
File C:\Users\DEVENDRA\AppData\Local\Programs\Python\Python312\Lib\http\__init__.py first seen with mtime 1722958350.0
File C:\Users\DEVENDRA\Desktop\speech-recognition\assistent\myapp\apps.py first seen with mtime 1725600748.8207297
File C:\Users\DEVENDRA\Desktop\speech-recognition\env\Lib\site-packages\django\contrib\auth\forms.py first seen with mtime 1725772856.2178335
File C:\Users\DEVENDRA\AppData\Local\Programs\Python\Python312\Lib\datetime.py first seen with mtime 1722958350.0
File C:\Users\DEVENDRA\Desktop\speech-recognition\env\Lib\site-packages\django\db\models\fields\reverse_related.py first seen with mtime 1725772860.5950756
File C:\Users\DEVENDRA\Desktop\speech-recognition\env\Lib\site-packages\requests\auth.py first seen with mtime 1725772962.9529228
File C:\Users\DEVENDRA\AppData\Local\Programs\Python\Python312\Lib\weakref.py first seen with mtime 1722958352.0
File C:\Users\DEVENDRA\AppData\Local\Programs\Python\Python312\Lib\html\__init__.py first seen with mtime 1722958350.0
File C:\Users\DEVENDRA\AppData\Local\Programs\Python\Python312\Lib\importlib\_abc.py first seen with mtime 1722958352.0
File C:\Users\DEVENDRA\Desktop\speech-recognition\env\Lib\site-packages\cssselect\xpath.py first seen with mtime 1725772960.7962248
File C:\Users\DEVENDRA\AppData\Local\Programs\Python\Python312\DLLs\_zoneinfo.pyd first seen with mtime 1722958396.0
File C:\Users\DEVENDRA\Desktop\speech-recognition\env\Lib\site-packages\sqlparse\tokens.py first seen with mtime 1725772853.4200003
File C:\Users\DEVENDRA\Desktop\speech-recognition\env\Lib\site-packages\django\template\loaders\filesystem.py first seen with mtime 1725772860.8293948
File C:\Users\DEVENDRA\AppData\Local\Programs\Python\Python312\DLLs\_sqlite3.pyd first seen with mtime 1722958396.0
File C:\Users\DEVENDRA\Desktop\speech-recognition\env\Lib\site-packages\django\urls\base.py first seen with mtime 1725772860.8606377
File C:\Users\DEVENDRA\Desktop\speech-recognition\env\Lib\site-packages\colorama\initialise.py first seen with mtime 1725772960.9368186
File C:\Users\DEVENDRA\AppData\Local\Programs\Python\Python312\Lib\graphlib.py first seen with mtime 1722958350.0
File C:\Users\DEVENDRA\AppData\Local\Programs\Python\Python312\Lib\gettext.py first seen with mtime 1722958350.0
File C:\Users\DEVENDRA\Desktop\speech-recognition\env\Lib\site-packages\django\core\files\storage\handler.py first seen with mtime 1725772860.3607574
File C:\Users\DEVENDRA\Desktop\speech-recognition\env\Lib\site-packages\django\contrib\contenttypes\fields.py first seen with mtime 1725772856.7333374
File C:\Users\DEVENDRA\Desktop\speech-recognition\env\Lib\site-packages\pyquery\pyquery.py first seen with mtime 1725772963.536261
File C:\Users\DEVENDRA\Desktop\speech-recognition\env\Lib\site-packages\urllib3\poolmanager.py first seen with mtime 1725772956.8703666
File C:\Users\DEVENDRA\AppData\Local\Programs\Python\Python312\Lib\asyncio\queues.py first seen with mtime 1722958350.0
File C:\Users\DEVENDRA\Desktop\speech-recognition\env\Lib\site-packages\fake_useragent\errors.py first seen with mtime 1725772955.1207
File C:\Users\DEVENDRA\Desktop\speech-recognition\env\Lib\site-packages\django\db\models\indexes.py first seen with mtime 1725772860.579453
File C:\Users\DEVENDRA\Desktop\speech-recognition\env\Lib\site-packages\requests\hooks.py first seen with mtime 1725772962.9685447
File C:\Users\DEVENDRA\AppData\Local\Programs\Python\Python312\Lib\shutil.py first seen with mtime 1722958352.0
File C:\Users\DEVENDRA\Desktop\speech-recognition\env\Lib\site-packages\asgiref\current_thread_executor.py first seen with mtime 1725772853.9042604
File C:\Users\DEVENDRA\Desktop\speech-recognition\env\Lib\site-packages\django\template\backends\base.py first seen with mtime 1725772860.8293948
File C:\Users\DEVENDRA\Desktop\speech-recognition\env\Lib\site-packages\django\http\multipartparser.py first seen with mtime 1725772860.7669096
File C:\Users\DEVENDRA\Desktop\speech-recognition\env\Lib\site-packages\django\views\__init__.py first seen with mtime 1725772860.9387481
File C:\Users\DEVENDRA\Desktop\speech-recognition\env\Lib\site-packages\django\template\base.py first seen with mtime 1725772860.7981596
File C:\Users\DEVENDRA\Desktop\speech-recognition\env\Lib\site-packages\django\db\models\constraints.py first seen with mtime 1725772860.5638323
File C:\Users\DEVENDRA\Desktop\speech-recognition\env\Lib\site-packages\django\core\cache\__init__.py first seen with mtime 1725772860.313892
File C:\Users\DEVENDRA\Desktop\speech-recognition\env\Lib\site-packages\urllib3\filepost.py first seen with mtime 1725772956.8703666
File C:\Users\DEVENDRA\Desktop\speech-recognition\env\Lib\site-packages\django\db\utils.py first seen with mtime 1725772860.4544837
File C:\Users\DEVENDRA\Desktop\speech-recognition\env\Lib\site-packages\django\db\backends\sqlite3\schema.py first seen with mtime 1725772860.5325904
File C:\Users\DEVENDRA\Desktop\speech-recognition\env\Lib\site-packages\websockets\extensions\base.py first seen with mtime 1725772955.4175048
File C:\Users\DEVENDRA\Desktop\speech-recognition\env\Lib\site-packages\lxml\html\defs.py first seen with mtime 1725772958.8129506
File C:\Users\DEVENDRA\Desktop\speech-recognition\env\Lib\site-packages\pyee\asyncio.py first seen with mtime 1725772963.7862017
File C:\Users\DEVENDRA\Desktop\speech-recognition\env\Lib\site-packages\w3lib\encoding.py first seen with mtime 1725772956.2454362
File C:\Users\DEVENDRA\AppData\Local\Programs\Python\Python312\Lib\email\_header_value_parser.py first seen with mtime 1722958350.0
File C:\Users\DEVENDRA\Desktop\speech-recognition\assistent\assistent\urls.py first seen with mtime 1725602766.7777176
File C:\Users\DEVENDRA\Desktop\speech-recognition\env\Lib\site-packages\django\utils\crypto.py first seen with mtime 1725772860.8762684
File C:\Users\DEVENDRA\AppData\Local\Programs\Python\Python312\Lib\asyncio\futures.py first seen with mtime 1722958350.0
File C:\Users\DEVENDRA\Desktop\speech-recognition\env\Lib\site-packages\meta_ai_api\utils.py first seen with mtime 1725772968.0586305
File C:\Users\DEVENDRA\Desktop\speech-recognition\env\Lib\site-packages\websockets\http11.py first seen with mtime 1725772955.401882
File C:\Users\DEVENDRA\AppData\Local\Programs\Python\Python312\Lib\re\_compiler.py first seen with mtime 1722958352.0
File C:\Users\DEVENDRA\Desktop\speech-recognition\env\Lib\site-packages\websockets\legacy\framing.py first seen with mtime 1725772955.433127
File C:\Users\DEVENDRA\Desktop\speech-recognition\env\Lib\site-packages\websockets\legacy\__init__.py first seen with mtime 1725772955.4175048
File C:\Users\DEVENDRA\Desktop\speech-recognition\env\Lib\site-packages\django\forms\widgets.py first seen with mtime 1725772860.6419396
File C:\Users\DEVENDRA\Desktop\speech-recognition\env\Lib\site-packages\django\core\checks\security\sessions.py first seen with mtime 1725772860.345134
File C:\Users\DEVENDRA\Desktop\speech-recognition\env\Lib\site-packages\django\db\models\base.py first seen with mtime 1725772860.5638323
File C:\Users\DEVENDRA\Desktop\speech-recognition\env\Lib\site-packages\urllib3\exceptions.py first seen with mtime 1725772956.8547454
File C:\Users\DEVENDRA\Desktop\speech-recognition\env\Lib\site-packages\django\db\transaction.py first seen with mtime 1725772860.4544837
File C:\Users\DEVENDRA\AppData\Local\Programs\Python\Python312\Lib\_weakrefset.py first seen with mtime 1722958350.0
File C:\Users\DEVENDRA\Desktop\speech-recognition\env\Lib\site-packages\django\contrib\staticfiles\apps.py first seen with mtime 1725772860.2670276
File C:\Users\DEVENDRA\Desktop\speech-recognition\env\Lib\site-packages\gtts\utils.py first seen with mtime 1725772967.3915398
File C:\Users\DEVENDRA\Desktop\speech-recognition\env\Lib\site-packages\pyee\__init__.py first seen with mtime 1725772963.7862017
File C:\Users\DEVENDRA\AppData\Local\Programs\Python\Python312\Lib\asyncio\trsock.py first seen with mtime 1722958350.0
File C:\Users\DEVENDRA\Desktop\speech-recognition\env\Lib\site-packages\websockets\headers.py first seen with mtime 1725772955.401882
File C:\Users\DEVENDRA\Desktop\speech-recognition\env\Lib\site-packages\urllib3\packages\__init__.py first seen with mtime 1725772956.9016106
File C:\Users\DEVENDRA\Desktop\speech-recognition\env\Lib\site-packages\django\db\backends\base\introspection.py first seen with mtime 1725772860.4701054
File C:\Users\DEVENDRA\Desktop\speech-recognition\env\Lib\site-packages\gtts\tokenizer\pre_processors.py first seen with mtime 1725772967.407153
File C:\Users\DEVENDRA\Desktop\speech-recognition\env\Lib\site-packages\django\utils\functional.py first seen with mtime 1725772860.8918798
File C:\Users\DEVENDRA\Desktop\speech-recognition\env\Lib\site-packages\django\contrib\admin\templatetags\log.py first seen with mtime 1725772855.7960572
File C:\Users\DEVENDRA\Desktop\speech-recognition\env\Lib\site-packages\django\template\__init__.py first seen with mtime 1725772860.7981596
File C:\Users\DEVENDRA\Desktop\speech-recognition\env\Lib\site-packages\requests\__init__.py first seen with mtime 1725772962.9529228
File C:\Users\DEVENDRA\AppData\Local\Programs\Python\Python312\Lib\multiprocessing\__init__.py first seen with mtime 1722958352.0
File C:\Users\DEVENDRA\Desktop\speech-recognition\env\Lib\site-packages\speech_recognition\__init__.py first seen with mtime 1725773034.9535527
File C:\Users\DEVENDRA\Desktop\speech-recognition\env\Lib\site-packages\django\db\backends\base\features.py first seen with mtime 1725772860.4701054
File C:\Users\DEVENDRA\AppData\Local\Programs\Python\Python312\Lib\email\__init__.py first seen with mtime 1722958350.0
File C:\Users\DEVENDRA\Desktop\speech-recognition\env\Lib\site-packages\django\core\checks\caches.py first seen with mtime 1725772860.3295145
File C:\Users\DEVENDRA\AppData\Local\Programs\Python\Python312\Lib\importlib\__init__.py first seen with mtime 1722958352.0
File C:\Users\DEVENDRA\Desktop\speech-recognition\env\Lib\site-packages\pyppeteer\worker.py first seen with mtime 1725772966.3073997
File C:\Users\DEVENDRA\Desktop\speech-recognition\env\Lib\site-packages\django\contrib\messages\storage\__init__.py first seen with mtime 1725772858.5303352
File C:\Users\DEVENDRA\Desktop\speech-recognition\env\Lib\site-packages\django\utils\html.py first seen with mtime 1725772860.8918798
File C:\Users\DEVENDRA\AppData\Local\Programs\Python\Python312\Lib\encodings\aliases.py first seen with mtime 1722958350.0
File C:\Users\DEVENDRA\Desktop\speech-recognition\env\Lib\site-packages\urllib3\util\__init__.py first seen with mtime 1725772956.9016106
File C:\Users\DEVENDRA\Desktop\speech-recognition\env\Lib\site-packages\cssselect\__init__.py first seen with mtime 1725772960.7806046
File C:\Users\DEVENDRA\Desktop\speech-recognition\env\Lib\site-packages\django\core\wsgi.py first seen with mtime 1725772860.2982693
File C:\Users\DEVENDRA\Desktop\speech-recognition\env\Lib\site-packages\charset_normalizer\cd.py first seen with mtime 1725772961.371962
File C:\Users\DEVENDRA\AppData\Local\Programs\Python\Python312\Lib\hmac.py first seen with mtime 1722958350.0
File C:\Users\DEVENDRA\Desktop\speech-recognition\env\Lib\site-packages\pyppeteer\coverage.py first seen with mtime 1725772966.2575843
File C:\Users\DEVENDRA\Desktop\speech-recognition\env\Lib\site-packages\django\core\signals.py first seen with mtime 1725772860.2982693
File C:\Users\DEVENDRA\AppData\Local\Programs\Python\Python312\Lib\concurrent\futures\__init__.py first seen with mtime 1722958350.0
File C:\Users\DEVENDRA\Desktop\speech-recognition\assistent\assistent\settings.py first seen with mtime 1725960861.6660135
File C:\Users\DEVENDRA\Desktop\speech-recognition\env\Lib\site-packages\django\contrib\messages\storage\base.py first seen with mtime 1725772858.5303352
File C:\Users\DEVENDRA\Desktop\speech-recognition\env\Lib\site-packages\django\core\checks\compatibility\django_4_0.py first seen with mtime 1725772860.345134
File C:\Users\DEVENDRA\Desktop\speech-recognition\env\Lib\site-packages\django\template\utils.py first seen with mtime 1725772860.8137732
File C:\Users\DEVENDRA\Desktop\speech-recognition\env\Lib\site-packages\django\contrib\auth\checks.py first seen with mtime 1725772856.2178335
File C:\Users\DEVENDRA\Desktop\speech-recognition\env\Lib\site-packages\django\db\backends\sqlite3\features.py first seen with mtime 1725772860.5169694
File C:\Users\DEVENDRA\Desktop\speech-recognition\env\Lib\site-packages\w3lib\util.py first seen with mtime 1725772956.2454362
File C:\Users\DEVENDRA\AppData\Local\Programs\Python\Python312\Lib\asyncio\windows_events.py first seen with mtime 1722958350.0
File C:\Users\DEVENDRA\Desktop\speech-recognition\env\Lib\site-packages\sqlparse\formatter.py first seen with mtime 1725772853.4200003
File C:\Users\DEVENDRA\Desktop\speech-recognition\env\Lib\site-packages\django\contrib\messages\middleware.py first seen with mtime 1725772858.5147135
File C:\Users\DEVENDRA\Desktop\speech-recognition\env\Lib\site-packages\urllib3\util\queue.py first seen with mtime 1725772956.9172306
File C:\Users\DEVENDRA\Desktop\speech-recognition\env\Lib\site-packages\django\apps\__init__.py first seen with mtime 1725772854.2947934
File C:\Users\DEVENDRA\Desktop\speech-recognition\env\Lib\site-packages\django\views\generic\list.py first seen with mtime 1725772860.954366
File C:\Users\DEVENDRA\Desktop\speech-recognition\env\Lib\site-packages\bs4\dammit.py first seen with mtime 1725772965.0078182
File C:\Users\DEVENDRA\AppData\Local\Programs\Python\Python312\Lib\email\policy.py first seen with mtime 1722958350.0
File C:\Users\DEVENDRA\AppData\Local\Programs\Python\Python312\Lib\wsgiref\simple_server.py first seen with mtime 1722958352.0
File C:\Users\DEVENDRA\Desktop\speech-recognition\env\Lib\site-packages\charset_normalizer\__init__.py first seen with mtime 1725772961.371962
File C:\Users\DEVENDRA\Desktop\speech-recognition\env\Lib\site-packages\django\db\backends\base\operations.py first seen with mtime 1725772860.4701054
File C:\Users\DEVENDRA\Desktop\speech-recognition\env\Lib\site-packages\lxml\html\soupparser.py first seen with mtime 1725772958.8285713
File C:\Users\DEVENDRA\Desktop\speech-recognition\env\Lib\site-packages\django\contrib\staticfiles\checks.py first seen with mtime 1725772860.2670276
File C:\Users\DEVENDRA\Desktop\speech-recognition\env\Lib\site-packages\requests\__version__.py first seen with mtime 1725772962.9529228
File C:\Users\DEVENDRA\Desktop\speech-recognition\env\Lib\site-packages\asgiref\sync.py first seen with mtime 1725772853.9042604
File C:\Users\DEVENDRA\Desktop\speech-recognition\assistent\myapp\__init__.py first seen with mtime 1725600746.7233565
File C:\Users\DEVENDRA\Desktop\speech-recognition\env\Lib\site-packages\requests\api.py first seen with mtime 1725772962.9529228
File C:\Users\DEVENDRA\AppData\Local\Programs\Python\Python312\Lib\email\mime\multipart.py first seen with mtime 1722958350.0
File C:\Users\DEVENDRA\Desktop\speech-recognition\env\Lib\site-packages\django\templatetags\tz.py first seen with mtime 1725772860.845016
File C:\Users\DEVENDRA\Desktop\speech-recognition\env\Lib\site-packages\django\utils\connection.py first seen with mtime 1725772860.8762684
File C:\Users\DEVENDRA\Desktop\speech-recognition\env\Lib\site-packages\requests\sessions.py first seen with mtime 1725772962.9685447
File C:\Users\DEVENDRA\AppData\Local\Programs\Python\Python312\DLLs\_socket.pyd first seen with mtime 1722958396.0
File C:\Users\DEVENDRA\Desktop\speech-recognition\env\Lib\site-packages\urllib3\contrib\_appengine_environ.py first seen with mtime 1725772956.8703666
File C:\Users\DEVENDRA\Desktop\speech-recognition\env\Lib\site-packages\django\utils\version.py first seen with mtime 1725772860.9231231
File C:\Users\DEVENDRA\Desktop\speech-recognition\env\Lib\site-packages\django\template\loaders\cached.py first seen with mtime 1725772860.8293948
File C:\Users\DEVENDRA\AppData\Local\Programs\Python\Python312\Lib\re\__init__.py first seen with mtime 1722958352.0
File C:\Users\DEVENDRA\AppData\Local\Programs\Python\Python312\Lib\sqlite3\__init__.py first seen with mtime 1722958352.0
File C:\Users\DEVENDRA\AppData\Local\Programs\Python\Python312\Lib\asyncio\transports.py first seen with mtime 1722958350.0
File C:\Users\DEVENDRA\AppData\Local\Programs\Python\Python312\Lib\email\iterators.py first seen with mtime 1722958350.0
File C:\Users\DEVENDRA\Desktop\speech-recognition\env\Lib\site-packages\sqlparse\engine\grouping.py first seen with mtime 1725772853.4200003
File C:\Users\DEVENDRA\AppData\Local\Programs\Python\Python312\Lib\asyncio\taskgroups.py first seen with mtime 1722958350.0
File C:\Users\DEVENDRA\Desktop\speech-recognition\env\Lib\site-packages\django\db\migrations\migration.py first seen with mtime 1725772860.5482147
File C:\Users\DEVENDRA\Desktop\speech-recognition\env\Lib\site-packages\django\db\models\fields\files.py first seen with mtime 1725772860.5950756
File C:\Users\DEVENDRA\Desktop\speech-recognition\env\Lib\site-packages\django\db\models\fields\proxy.py first seen with mtime 1725772860.5950756
File C:\Users\DEVENDRA\Desktop\speech-recognition\env\Lib\site-packages\django\http\request.py first seen with mtime 1725772860.7669096
File C:\Users\DEVENDRA\Desktop\speech-recognition\env\Lib\site-packages\django\db\models\fields\related_lookups.py first seen with mtime 1725772860.5950756
File C:\Users\DEVENDRA\Desktop\speech-recognition\env\Lib\site-packages\django\templatetags\static.py first seen with mtime 1725772860.845016
File C:\Users\DEVENDRA\AppData\Local\Programs\Python\Python312\Lib\email\header.py first seen with mtime 1722958350.0
File C:\Users\DEVENDRA\Desktop\speech-recognition\env\Lib\site-packages\urllib3\packages\six.py first seen with mtime 1725772956.9016106
File C:\Users\DEVENDRA\Desktop\speech-recognition\env\Lib\site-packages\django\db\backends\base\base.py first seen with mtime 1725772860.4544837
File C:\Users\DEVENDRA\Desktop\speech-recognition\env\Lib\site-packages\tqdm\utils.py first seen with mtime 1725772961.998448
File C:\Users\DEVENDRA\Desktop\speech-recognition\env\Lib\site-packages\django\core\files\temp.py first seen with mtime 1725772860.3607574
File C:\Users\DEVENDRA\Desktop\speech-recognition\env\Lib\site-packages\requests\_internal_utils.py first seen with mtime 1725772962.9529228
File C:\Users\DEVENDRA\Desktop\speech-recognition\env\Lib\site-packages\websockets\uri.py first seen with mtime 1725772955.401882
File C:\Users\DEVENDRA\Desktop\speech-recognition\env\Lib\site-packages\urllib3\util\ssl_match_hostname.py first seen with mtime 1725772956.9172306
File C:\Users\DEVENDRA\Desktop\speech-recognition\env\Lib\site-packages\django\utils\log.py first seen with mtime 1725772860.907501
File C:\Users\DEVENDRA\Desktop\speech-recognition\env\Lib\site-packages\django\core\cache\backends\__init__.py first seen with mtime 1725772860.313892
File C:\Users\DEVENDRA\Desktop\speech-recognition\env\Lib\site-packages\django\db\backends\sqlite3\__init__.py first seen with mtime 1725772860.5169694
File C:\Users\DEVENDRA\Desktop\speech-recognition\env\Lib\site-packages\urllib3\util\ssltransport.py first seen with mtime 1725772956.9172306
File C:\Users\DEVENDRA\AppData\Local\Programs\Python\Python312\Lib\importlib\metadata\_meta.py first seen with mtime 1722958352.0
File C:\Users\DEVENDRA\Desktop\speech-recognition\env\Lib\site-packages\sqlparse\__init__.py first seen with mtime 1725772853.4043782
File C:\Users\DEVENDRA\Desktop\speech-recognition\env\Lib\site-packages\django\core\files\storage\mixins.py first seen with mtime 1725772860.3607574
File C:\Users\DEVENDRA\Desktop\speech-recognition\env\Lib\site-packages\django\utils\autoreload.py first seen with mtime 1725772860.8762684
File C:\Users\DEVENDRA\Desktop\speech-recognition\env\Lib\site-packages\meta_ai_api\__init__.py first seen with mtime 1725772968.0430045
File C:\Users\DEVENDRA\Desktop\speech-recognition\env\Lib\site-packages\django\utils\datastructures.py first seen with mtime 1725772860.8762684
File C:\Users\DEVENDRA\Desktop\speech-recognition\env\Lib\site-packages\django\contrib\sessions\exceptions.py first seen with mtime 1725772859.5172038
File C:\Users\DEVENDRA\Desktop\speech-recognition\env\Lib\site-packages\django\db\models\query.py first seen with mtime 1725772860.579453
File C:\Users\DEVENDRA\Desktop\speech-recognition\env\Lib\site-packages\charset_normalizer\md.cp312-win_amd64.pyd first seen with mtime 1725772961.371962
File C:\Users\DEVENDRA\Desktop\speech-recognition\env\Lib\site-packages\asgiref\local.py first seen with mtime 1725772853.9042604
File C:\Users\DEVENDRA\AppData\Local\Programs\Python\Python312\Lib\email\mime\__init__.py first seen with mtime 1722958350.0
File C:\Users\DEVENDRA\Desktop\speech-recognition\env\Lib\site-packages\pyppeteer\us_keyboard_layout.py first seen with mtime 1725772966.3073997
File C:\Users\DEVENDRA\Desktop\speech-recognition\env\Lib\site-packages\django\core\checks\security\csrf.py first seen with mtime 1725772860.345134
File C:\Users\DEVENDRA\Desktop\speech-recognition\env\Lib\site-packages\idna\package_data.py first seen with mtime 1725772960.3272853
File C:\Users\DEVENDRA\AppData\Local\Programs\Python\Python312\Lib\asyncio\runners.py first seen with mtime 1722958350.0
File C:\Users\DEVENDRA\AppData\Local\Programs\Python\Python312\Lib\importlib\resources\__init__.py first seen with mtime 1722958352.0
File C:\Users\DEVENDRA\Desktop\speech-recognition\env\Lib\site-packages\websockets\legacy\handshake.py first seen with mtime 1725772955.433127
File C:\Users\DEVENDRA\AppData\Local\Programs\Python\Python312\Lib\numbers.py first seen with mtime 1722958352.0
File C:\Users\DEVENDRA\Desktop\speech-recognition\env\Lib\site-packages\django\db\backends\sqlite3\introspection.py first seen with mtime 1725772860.5325904
File C:\Users\DEVENDRA\Desktop\speech-recognition\env\Lib\site-packages\django\template\defaulttags.py first seen with mtime 1725772860.8137732
File C:\Users\DEVENDRA\Desktop\speech-recognition\env\Lib\site-packages\django\core\handlers\wsgi.py first seen with mtime 1725772860.376377
File C:\Users\DEVENDRA\Desktop\speech-recognition\env\Lib\site-packages\django\forms\formsets.py first seen with mtime 1725772860.6419396
File C:\Users\DEVENDRA\Desktop\speech-recognition\env\Lib\site-packages\django\contrib\admin\actions.py first seen with mtime 1725772854.8415408
File C:\Users\DEVENDRA\Desktop\speech-recognition\env\Lib\site-packages\sqlparse\keywords.py first seen with mtime 1725772853.4200003
File C:\Users\DEVENDRA\AppData\Local\Programs\Python\Python312\Lib\urllib\__init__.py first seen with mtime 1722958352.0
File C:\Users\DEVENDRA\Desktop\speech-recognition\env\Lib\site-packages\bs4\css.py first seen with mtime 1725772965.0078182
File C:\Users\DEVENDRA\Desktop\speech-recognition\env\Lib\site-packages\django\contrib\sessions\middleware.py first seen with mtime 1725772859.5172038
File C:\Users\DEVENDRA\Desktop\speech-recognition\env\Lib\site-packages\pyquery\cssselectpatch.py first seen with mtime 1725772963.5206416
File C:\Users\DEVENDRA\AppData\Local\Programs\Python\Python312\Lib\asyncio\base_tasks.py first seen with mtime 1722958350.0
File C:\Users\DEVENDRA\Desktop\speech-recognition\env\Lib\site-packages\django\views\generic\edit.py first seen with mtime 1725772860.954366
File C:\Users\DEVENDRA\Desktop\speech-recognition\env\Lib\site-packages\django\forms\renderers.py first seen with mtime 1725772860.6419396
File C:\Users\DEVENDRA\Desktop\speech-recognition\env\Lib\site-packages\colorama\__init__.py first seen with mtime 1725772960.9211957
File C:\Users\DEVENDRA\Desktop\speech-recognition\env\Lib\site-packages\django\utils\text.py first seen with mtime 1725772860.907501
File C:\Users\DEVENDRA\AppData\Local\Programs\Python\Python312\Lib\re\_constants.py first seen with mtime 1722958352.0
File C:\Users\DEVENDRA\Desktop\speech-recognition\env\Lib\site-packages\django\db\models\fields\mixins.py first seen with mtime 1725772860.5950756
File C:\Users\DEVENDRA\AppData\Local\Programs\Python\Python312\Lib\email\parser.py first seen with mtime 1722958350.0
File C:\Users\DEVENDRA\AppData\Local\Programs\Python\Python312\Lib\encodings\utf_8.py first seen with mtime 1722958350.0
File C:\Users\DEVENDRA\Desktop\speech-recognition\env\Lib\site-packages\certifi\core.py first seen with mtime 1725772961.8578458
File C:\Users\DEVENDRA\Desktop\speech-recognition\env\Lib\site-packages\django\template\loaders\__init__.py first seen with mtime 1725772860.8293948
File C:\Users\DEVENDRA\AppData\Local\Programs\Python\Python312\Lib\importlib\metadata\_text.py first seen with mtime 1722958352.0
File C:\Users\DEVENDRA\Desktop\speech-recognition\env\Lib\site-packages\urllib3\fields.py first seen with mtime 1725772956.8547454
File C:\Users\DEVENDRA\Desktop\speech-recognition\env\Lib\site-packages\urllib3\util\wait.py first seen with mtime 1725772956.9328532
File C:\Users\DEVENDRA\AppData\Local\Programs\Python\Python312\Lib\json\encoder.py first seen with mtime 1722958352.0
File C:\Users\DEVENDRA\Desktop\speech-recognition\env\Lib\site-packages\django\contrib\admin\views\__init__.py first seen with mtime 1725772855.7960572
File C:\Users\DEVENDRA\Desktop\speech-recognition\env\Lib\site-packages\django\contrib\auth\backends.py first seen with mtime 1725772856.2178335
File C:\Users\DEVENDRA\Desktop\speech-recognition\env\Lib\site-packages\django\views\debug.py first seen with mtime 1725772860.9387481
File C:\Users\DEVENDRA\Desktop\speech-recognition\env\Lib\site-packages\sqlparse\sql.py first seen with mtime 1725772853.4200003
File C:\Users\DEVENDRA\Desktop\speech-recognition\env\Lib\site-packages\django\shortcuts.py first seen with mtime 1725772854.2947934
File C:\Users\DEVENDRA\Desktop\speech-recognition\env\Lib\site-packages\django\core\management\__init__.py first seen with mtime 1725772860.3919983
File C:\Users\DEVENDRA\AppData\Local\Programs\Python\Python312\Lib\importlib\readers.py first seen with mtime 1722958352.0
File C:\Users\DEVENDRA\AppData\Local\Programs\Python\Python312\Lib\asyncio\subprocess.py first seen with mtime 1722958350.0
File C:\Users\DEVENDRA\Desktop\speech-recognition\env\Lib\site-packages\django\contrib\sites\shortcuts.py first seen with mtime 1725772859.9233596
File C:\Users\DEVENDRA\Desktop\speech-recognition\env\Lib\site-packages\requests_html.py first seen with mtime 1725772967.9805193
File C:\Users\DEVENDRA\Desktop\speech-recognition\env\Lib\site-packages\django\utils\cache.py first seen with mtime 1725772860.8762684
File C:\Users\DEVENDRA\Desktop\speech-recognition\env\Lib\site-packages\django\apps\registry.py first seen with mtime 1725772854.2947934
File C:\Users\DEVENDRA\Desktop\speech-recognition\env\Lib\site-packages\django\middleware\cache.py first seen with mtime 1725772860.7825317
File C:\Users\DEVENDRA\Desktop\speech-recognition\env\Lib\site-packages\django\core\checks\security\base.py first seen with mtime 1725772860.345134
File C:\Users\DEVENDRA\Desktop\speech-recognition\env\Lib\site-packages\tqdm\_monitor.py first seen with mtime 1725772961.9515748
File C:\Users\DEVENDRA\AppData\Local\Programs\Python\Python312\Lib\logging\handlers.py first seen with mtime 1722958352.0
File C:\Users\DEVENDRA\Desktop\speech-recognition\env\Lib\site-packages\django\utils\translation\__init__.py first seen with mtime 1725772860.9231231
File C:\Users\DEVENDRA\Desktop\speech-recognition\env\Lib\site-packages\django\utils\deconstruct.py first seen with mtime 1725772860.8918798
File C:\Users\DEVENDRA\Desktop\speech-recognition\env\Lib\site-packages\django\contrib\contenttypes\checks.py first seen with mtime 1725772856.7177155
File C:\Users\DEVENDRA\AppData\Local\Programs\Python\Python312\Lib\bz2.py first seen with mtime 1722958350.0
File C:\Users\DEVENDRA\Desktop\speech-recognition\env\Lib\site-packages\django\core\checks\security\__init__.py first seen with mtime 1725772860.345134
File C:\Users\DEVENDRA\AppData\Local\Programs\Python\Python312\Lib\ast.py first seen with mtime 1722958350.0
File C:\Users\DEVENDRA\Desktop\speech-recognition\env\Lib\site-packages\django\contrib\auth\base_user.py first seen with mtime 1725772856.2178335
File C:\Users\DEVENDRA\Desktop\speech-recognition\env\Lib\site-packages\django\core\paginator.py first seen with mtime 1725772860.2982693
File C:\Users\DEVENDRA\Desktop\speech-recognition\env\Lib\site-packages\django\core\cache\backends\locmem.py first seen with mtime 1725772860.313892
File C:\Users\DEVENDRA\AppData\Local\Programs\Python\Python312\Lib\token.py first seen with mtime 1722958352.0
File C:\Users\DEVENDRA\Desktop\speech-recognition\env\Lib\site-packages\django\core\files\uploadedfile.py first seen with mtime 1725772860.3607574
File C:\Users\DEVENDRA\Desktop\speech-recognition\env\Lib\site-packages\pyquery\__init__.py first seen with mtime 1725772963.5206416
File C:\Users\DEVENDRA\Desktop\speech-recognition\env\Lib\site-packages\django\middleware\common.py first seen with mtime 1725772860.7825317
File C:\Users\DEVENDRA\Desktop\speech-recognition\assistent\myapp\urls.py first seen with mtime 1725607615.6571188
File C:\Users\DEVENDRA\AppData\Local\Programs\Python\Python312\Lib\urllib\error.py first seen with mtime 1722958352.0
File C:\Users\DEVENDRA\Desktop\speech-recognition\env\Lib\site-packages\django\core\serializers\python.py first seen with mtime 1725772860.4388618
File C:\Users\DEVENDRA\Desktop\speech-recognition\env\Lib\site-packages\tqdm\std.py first seen with mtime 1725772961.9828162
File C:\Users\DEVENDRA\Desktop\speech-recognition\env\Lib\site-packages\django\db\backends\base\schema.py first seen with mtime 1725772860.4701054
File C:\Users\DEVENDRA\Desktop\speech-recognition\env\Lib\site-packages\django\core\signing.py first seen with mtime 1725772860.2982693
File C:\Users\DEVENDRA\Desktop\speech-recognition\env\Lib\site-packages\django\utils\formats.py first seen with mtime 1725772860.8918798
File C:\Users\DEVENDRA\Desktop\speech-recognition\env\Lib\site-packages\tqdm\_tqdm_pandas.py first seen with mtime 1725772961.9671962
File C:\Users\DEVENDRA\AppData\Local\Programs\Python\Python312\Lib\importlib\metadata\_itertools.py first seen with mtime 1722958352.0
File C:\Users\DEVENDRA\Desktop\speech-recognition\env\Lib\site-packages\django\db\backends\signals.py first seen with mtime 1725772860.4544837
File C:\Users\DEVENDRA\Desktop\speech-recognition\env\Lib\site-packages\django\contrib\__init__.py first seen with mtime 1725772854.8415408
File C:\Users\DEVENDRA\Desktop\speech-recognition\env\Lib\site-packages\websockets\legacy\protocol.py first seen with mtime 1725772955.433127
File C:\Users\DEVENDRA\Desktop\speech-recognition\env\Lib\site-packages\django\utils\_os.py first seen with mtime 1725772860.8762684
File C:\Users\DEVENDRA\Desktop\speech-recognition\env\Lib\site-packages\pyppeteer\page.py first seen with mtime 1725772966.290867
File C:\Users\DEVENDRA\Desktop\speech-recognition\env\Lib\site-packages\urllib3\response.py first seen with mtime 1725772956.8703666
File C:\Users\DEVENDRA\Desktop\speech-recognition\env\Lib\site-packages\django\db\models\sql\constants.py first seen with mtime 1725772860.6107023
File C:\Users\DEVENDRA\Desktop\speech-recognition\env\Lib\site-packages\django\core\files\storage\memory.py first seen with mtime 1725772860.3607574
File C:\Users\DEVENDRA\AppData\Local\Programs\Python\Python312\Lib\importlib\metadata\__init__.py first seen with mtime 1722958352.0
File C:\Users\DEVENDRA\Desktop\speech-recognition\env\Lib\site-packages\websockets\frames.py first seen with mtime 1725772955.386262
File C:\Users\DEVENDRA\Desktop\speech-recognition\env\Lib\site-packages\django\core\management\commands\runserver.py first seen with mtime 1725772860.4232407
File C:\Users\DEVENDRA\Desktop\speech-recognition\env\Lib\site-packages\requests\compat.py first seen with mtime 1725772962.9529228
File C:\Users\DEVENDRA\AppData\Local\Programs\Python\Python312\Lib\_markupbase.py first seen with mtime 1722958350.0
File C:\Users\DEVENDRA\Desktop\speech-recognition\env\Lib\site-packages\urllib3\util\connection.py first seen with mtime 1725772956.9016106
File C:\Users\DEVENDRA\AppData\Local\Programs\Python\Python312\Lib\zoneinfo\_common.py first seen with mtime 1722958352.0
File C:\Users\DEVENDRA\Desktop\speech-recognition\env\Lib\site-packages\django\views\generic\__init__.py first seen with mtime 1725772860.954366
File C:\Users\DEVENDRA\AppData\Local\Programs\Python\Python312\Lib\opcode.py first seen with mtime 1722958352.0
File C:\Users\DEVENDRA\AppData\Local\Programs\Python\Python312\Lib\collections\abc.py first seen with mtime 1722958350.0
File C:\Users\DEVENDRA\Desktop\speech-recognition\env\Lib\site-packages\django\db\models\fields\related_descriptors.py first seen with mtime 1725772860.5950756
File C:\Users\DEVENDRA\AppData\Local\Programs\Python\Python312\Lib\concurrent\futures\thread.py first seen with mtime 1722958350.0
File C:\Users\DEVENDRA\AppData\Local\Programs\Python\Python312\Lib\difflib.py first seen with mtime 1722958350.0
File C:\Users\DEVENDRA\Desktop\speech-recognition\env\Lib\site-packages\pydub\silence.py first seen with mtime 1725772954.8551493
File C:\Users\DEVENDRA\Desktop\speech-recognition\env\Lib\site-packages\django\views\csrf.py first seen with mtime 1725772860.9387481
File C:\Users\DEVENDRA\AppData\Local\Programs\Python\Python312\Lib\struct.py first seen with mtime 1722958352.0
File C:\Users\DEVENDRA\Desktop\speech-recognition\env\Lib\site-packages\urllib3\connection.py first seen with mtime 1725772956.8547454
File C:\Users\DEVENDRA\Desktop\speech-recognition\env\Lib\site-packages\soupsieve\css_types.py first seen with mtime 1725772958.1119502
File C:\Users\DEVENDRA\Desktop\speech-recognition\env\Lib\site-packages\django\core\files\__init__.py first seen with mtime 1725772860.345134
File C:\Users\DEVENDRA\Desktop\speech-recognition\env\Lib\site-packages\django\views\i18n.py first seen with mtime 1725772860.9387481
File C:\Users\DEVENDRA\Desktop\speech-recognition\env\Lib\site-packages\django\apps\config.py first seen with mtime 1725772854.2947934
File C:\Users\DEVENDRA\AppData\Local\Programs\Python\Python312\Lib\email\utils.py first seen with mtime 1722958350.0
File C:\Users\DEVENDRA\AppData\Local\Programs\Python\Python312\Lib\dis.py first seen with mtime 1722958350.0
File C:\Users\DEVENDRA\AppData\Local\Programs\Python\Python312\DLLs\_ctypes.pyd first seen with mtime 1722958396.0
File C:\Users\DEVENDRA\Desktop\speech-recognition\env\Lib\site-packages\speech_recognition\recognizers\google.py first seen with mtime 1725773035.6408913
File C:\Users\DEVENDRA\Desktop\speech-recognition\env\Lib\site-packages\django\db\models\fields\generated.py first seen with mtime 1725772860.5950756
File C:\Users\DEVENDRA\AppData\Local\Programs\Python\Python312\Lib\email\_encoded_words.py first seen with mtime 1722958350.0
File C:\Users\DEVENDRA\Desktop\speech-recognition\env\Lib\site-packages\gtts\lang.py first seen with mtime 1725772967.3759115
File C:\Users\DEVENDRA\Desktop\speech-recognition\env\Lib\site-packages\django\db\backends\base\validation.py first seen with mtime 1725772860.4701054
File C:\Users\DEVENDRA\Desktop\speech-recognition\env\Lib\site-packages\gtts\tokenizer\core.py first seen with mtime 1725772967.407153
File C:\Users\DEVENDRA\Desktop\speech-recognition\env\Lib\site-packages\sqlparse\filters\others.py first seen with mtime 1725772853.4356217
File C:\Users\DEVENDRA\Desktop\speech-recognition\env\Lib\site-packages\django\views\generic\base.py first seen with mtime 1725772860.954366
File C:\Users\DEVENDRA\Desktop\speech-recognition\env\Lib\site-packages\django\db\models\constants.py first seen with mtime 1725772860.5638323
File C:\Users\DEVENDRA\AppData\Local\Programs\Python\Python312\Lib\_compression.py first seen with mtime 1722958350.0
File C:\Users\DEVENDRA\Desktop\speech-recognition\env\Lib\site-packages\django\contrib\staticfiles\handlers.py first seen with mtime 1725772860.2670276
File C:\Users\DEVENDRA\AppData\Local\Programs\Python\Python312\Lib\urllib\response.py first seen with mtime 1722958352.0
File C:\Users\DEVENDRA\Desktop\speech-recognition\env\Lib\site-packages\pyppeteer\navigator_watcher.py first seen with mtime 1725772966.2743452
File C:\Users\DEVENDRA\AppData\Local\Programs\Python\Python312\Lib\locale.py first seen with mtime 1722958352.0
File C:\Users\DEVENDRA\Desktop\speech-recognition\env\Lib\site-packages\meta_ai_api\main.py first seen with mtime 1725772968.0586305
File C:\Users\DEVENDRA\Desktop\speech-recognition\env\Lib\site-packages\requests\utils.py first seen with mtime 1725772962.9841652
File C:\Users\DEVENDRA\Desktop\speech-recognition\env\Lib\site-packages\lxml_html_clean\__init__.py first seen with mtime 1725772964.020828
File C:\Users\DEVENDRA\Desktop\speech-recognition\env\Lib\site-packages\django\http\response.py first seen with mtime 1725772860.7825317
File C:\Users\DEVENDRA\AppData\Local\Programs\Python\Python312\Lib\glob.py first seen with mtime 1722958350.0
File C:\Users\DEVENDRA\Desktop\speech-recognition\env\Lib\site-packages\django\contrib\admin\decorators.py first seen with mtime 1725772854.8415408
File C:\Users\DEVENDRA\AppData\Local\Programs\Python\Python312\Lib\mimetypes.py first seen with mtime 1722958352.0
File C:\Users\DEVENDRA\Desktop\speech-recognition\env\Lib\site-packages\sqlparse\engine\statement_splitter.py first seen with mtime 1725772853.4356217
File C:\Users\DEVENDRA\Desktop\speech-recognition\env\Lib\site-packages\django\middleware\security.py first seen with mtime 1725772860.7981596
File C:\Users\DEVENDRA\AppData\Local\Programs\Python\Python312\Lib\enum.py first seen with mtime 1722958350.0
File C:\Users\DEVENDRA\AppData\Local\Programs\Python\Python312\Lib\ssl.py first seen with mtime 1722958352.0
File C:\Users\DEVENDRA\AppData\Local\Programs\Python\Python312\Lib\asyncio\staggered.py first seen with mtime 1722958350.0
File C:\Users\DEVENDRA\Desktop\speech-recognition\env\Lib\site-packages\django\core\handlers\base.py first seen with mtime 1725772860.376377
File C:\Users\DEVENDRA\Desktop\speech-recognition\env\Lib\site-packages\django\db\models\query_utils.py first seen with mtime 1725772860.579453
File C:\Users\DEVENDRA\AppData\Local\Programs\Python\Python312\Lib\zoneinfo\__init__.py first seen with mtime 1722958352.0
File C:\Users\DEVENDRA\Desktop\speech-recognition\env\Lib\site-packages\pyppeteer\element_handle.py first seen with mtime 1725772966.2575843
File C:\Users\DEVENDRA\Desktop\speech-recognition\env\Lib\site-packages\soupsieve\css_parser.py first seen with mtime 1725772958.1119502
File C:\Users\DEVENDRA\Desktop\speech-recognition\env\Lib\site-packages\lxml\_elementpath.cp312-win_amd64.pyd first seen with mtime 1725772958.4849021
File C:\Users\DEVENDRA\Desktop\speech-recognition\env\Lib\site-packages\pydub\playback.py first seen with mtime 1725772954.8395154
File C:\Users\DEVENDRA\Desktop\speech-recognition\env\Lib\site-packages\django\forms\__init__.py first seen with mtime 1725772860.6263182
File C:\Users\DEVENDRA\Desktop\speech-recognition\env\Lib\site-packages\django\conf\urls\__init__.py first seen with mtime 1725772854.825919
File C:\Users\DEVENDRA\Desktop\speech-recognition\env\Lib\site-packages\django\template\defaultfilters.py first seen with mtime 1725772860.8137732
File C:\Users\DEVENDRA\Desktop\speech-recognition\env\Lib\site-packages\lxml\html\clean.py first seen with mtime 1725772958.8129506
File C:\Users\DEVENDRA\Desktop\speech-recognition\env\Lib\site-packages\urllib3\_collections.py first seen with mtime 1725772956.8547454
File C:\Users\DEVENDRA\AppData\Local\Programs\Python\Python312\Lib\csv.py first seen with mtime 1722958350.0
File C:\Users\DEVENDRA\AppData\Local\Programs\Python\Python312\Lib\gzip.py first seen with mtime 1722958350.0
File C:\Users\DEVENDRA\Desktop\speech-recognition\env\Lib\site-packages\requests\models.py first seen with mtime 1725772962.9685447
File C:\Users\DEVENDRA\Desktop\speech-recognition\env\Lib\site-packages\urllib3\request.py first seen with mtime 1725772956.8703666
File C:\Users\DEVENDRA\Desktop\speech-recognition\env\Lib\site-packages\django\utils\encoding.py first seen with mtime 1725772860.8918798
File C:\Users\DEVENDRA\Desktop\speech-recognition\env\Lib\site-packages\django\views\defaults.py first seen with mtime 1725772860.9387481
File C:\Users\DEVENDRA\Desktop\speech-recognition\env\Lib\site-packages\meta_ai_api\exceptions.py first seen with mtime 1725772968.0430045
File C:\Users\DEVENDRA\Desktop\speech-recognition\env\Lib\site-packages\django\contrib\admin\templatetags\admin_list.py first seen with mtime 1725772855.7804375
File C:\Users\DEVENDRA\AppData\Local\Programs\Python\Python312\Lib\types.py first seen with mtime 1722958352.0
File C:\Users\DEVENDRA\Desktop\speech-recognition\env\Lib\site-packages\django\__init__.py first seen with mtime 1725772854.2791715
File C:\Users\DEVENDRA\Desktop\speech-recognition\env\Lib\site-packages\pydub\effects.py first seen with mtime 1725772954.8395154
File C:\Users\DEVENDRA\AppData\Local\Programs\Python\Python312\Lib\importlib\resources\_itertools.py first seen with mtime 1722958352.0
File C:\Users\DEVENDRA\AppData\Local\Programs\Python\Python312\Lib\calendar.py first seen with mtime 1722958350.0
File C:\Users\DEVENDRA\Desktop\speech-recognition\env\Lib\site-packages\django\views\static.py first seen with mtime 1725772860.9387481
File C:\Users\DEVENDRA\Desktop\speech-recognition\env\Lib\site-packages\bs4\formatter.py first seen with mtime 1725772965.024425
File C:\Users\DEVENDRA\Desktop\speech-recognition\env\Lib\site-packages\django\contrib\staticfiles\finders.py first seen with mtime 1725772860.2670276
File C:\Users\DEVENDRA\Desktop\speech-recognition\env\Lib\site-packages\pyppeteer\errors.py first seen with mtime 1725772966.2575843
File C:\Users\DEVENDRA\AppData\Local\Programs\Python\Python312\Lib\selectors.py first seen with mtime 1722958352.0
File C:\Users\DEVENDRA\Desktop\speech-recognition\env\Lib\site-packages\pydub\logging_utils.py first seen with mtime 1725772954.8395154
File C:\Users\DEVENDRA\Desktop\speech-recognition\env\Lib\site-packages\django\contrib\sessions\backends\base.py first seen with mtime 1725772859.5328252
File C:\Users\DEVENDRA\AppData\Local\Programs\Python\Python312\Lib\asyncio\events.py first seen with mtime 1722958350.0
File C:\Users\DEVENDRA\Desktop\speech-recognition\env\Lib\site-packages\charset_normalizer\md__mypyc.cp312-win_amd64.pyd first seen with mtime 1725772961.3875837
File C:\Users\DEVENDRA\Desktop\speech-recognition\env\Lib\site-packages\django\urls\converters.py first seen with mtime 1725772860.8606377
File C:\Users\DEVENDRA\Desktop\speech-recognition\env\Lib\site-packages\django\utils\safestring.py first seen with mtime 1725772860.907501
File C:\Users\DEVENDRA\AppData\Local\Programs\Python\Python312\Lib\queue.py first seen with mtime 1722958352.0
File C:\Users\DEVENDRA\Desktop\speech-recognition\env\Lib\site-packages\urllib3\contrib\__init__.py first seen with mtime 1725772956.8703666
File C:\Users\DEVENDRA\AppData\Local\Programs\Python\Python312\Lib\sysconfig.py first seen with mtime 1722958352.0
File C:\Users\DEVENDRA\AppData\Local\Programs\Python\Python312\Lib\zipfile\_path\glob.py first seen with mtime 1722958352.0
File C:\Users\DEVENDRA\AppData\Local\Programs\Python\Python312\Lib\keyword.py first seen with mtime 1722958352.0
File C:\Users\DEVENDRA\AppData\Local\Programs\Python\Python312\Lib\subprocess.py first seen with mtime 1722958352.0
File C:\Users\DEVENDRA\Desktop\speech-recognition\env\Lib\site-packages\django\core\checks\translation.py first seen with mtime 1725772860.3295145
File C:\Users\DEVENDRA\Desktop\speech-recognition\env\Lib\site-packages\django\db\models\sql\__init__.py first seen with mtime 1725772860.6107023
File C:\Users\DEVENDRA\Desktop\speech-recognition\env\Lib\site-packages\django\core\handlers\exception.py first seen with mtime 1725772860.376377
File C:\Users\DEVENDRA\Desktop\speech-recognition\env\Lib\site-packages\charset_normalizer\legacy.py first seen with mtime 1725772961.371962
File C:\Users\DEVENDRA\AppData\Local\Programs\Python\Python312\Lib\asyncio\base_subprocess.py first seen with mtime 1722958350.0
File C:\Users\DEVENDRA\Desktop\speech-recognition\env\Lib\site-packages\django\views\generic\dates.py first seen with mtime 1725772860.954366
File C:\Users\DEVENDRA\Desktop\speech-recognition\env\Lib\site-packages\tqdm\version.py first seen with mtime 1725772961.998448
File C:\Users\DEVENDRA\AppData\Local\Programs\Python\Python312\Lib\logging\config.py first seen with mtime 1722958352.0
File C:\Users\DEVENDRA\AppData\Local\Programs\Python\Python312\Lib\operator.py first seen with mtime 1722958352.0
File C:\Users\DEVENDRA\Desktop\speech-recognition\env\Lib\site-packages\lxml_html_clean\clean.py first seen with mtime 1725772964.020828
File C:\Users\DEVENDRA\AppData\Local\Programs\Python\Python312\Lib\copyreg.py first seen with mtime 1722958350.0
File C:\Users\DEVENDRA\AppData\Local\Programs\Python\Python312\DLLs\_wmi.pyd first seen with mtime 1722958396.0
File C:\Users\DEVENDRA\Desktop\speech-recognition\env\Lib\site-packages\django\contrib\messages\api.py first seen with mtime 1725772858.5147135
File C:\Users\DEVENDRA\Desktop\speech-recognition\env\Lib\site-packages\django\contrib\auth\password_validation.py first seen with mtime 1725772856.2334647
File C:\Users\DEVENDRA\AppData\Local\Programs\Python\Python312\Lib\asyncio\selector_events.py first seen with mtime 1722958350.0
File C:\Users\DEVENDRA\Desktop\speech-recognition\env\Lib\site-packages\django\core\checks\files.py first seen with mtime 1725772860.3295145
File C:\Users\DEVENDRA\AppData\Local\Programs\Python\Python312\Lib\email\base64mime.py first seen with mtime 1722958350.0
File C:\Users\DEVENDRA\Desktop\speech-recognition\env\Lib\site-packages\tqdm\_dist_ver.py first seen with mtime 1725772961.9515748
File C:\Users\DEVENDRA\AppData\Local\Programs\Python\Python312\DLLs\unicodedata.pyd first seen with mtime 1722958396.0
File C:\Users\DEVENDRA\Desktop\speech-recognition\env\Lib\site-packages\django\db\migrations\state.py first seen with mtime 1725772860.5482147
File C:\Users\DEVENDRA\Desktop\speech-recognition\env\Lib\site-packages\fake_useragent\utils.py first seen with mtime 1725772955.1363208
File C:\Users\DEVENDRA\AppData\Local\Programs\Python\Python312\DLLs\_lzma.pyd first seen with mtime 1722958396.0
File C:\Users\DEVENDRA\Desktop\speech-recognition\env\Lib\site-packages\django\db\migrations\operations\__init__.py first seen with mtime 1725772860.5482147
File C:\Users\DEVENDRA\AppData\Local\Programs\Python\Python312\Lib\signal.py first seen with mtime 1722958352.0
File C:\Users\DEVENDRA\AppData\Local\Programs\Python\Python312\Lib\argparse.py first seen with mtime 1722958350.0
File C:\Users\DEVENDRA\Desktop\speech-recognition\env\Lib\site-packages\urllib3\connectionpool.py first seen with mtime 1725772956.8547454
File C:\Users\DEVENDRA\Desktop\speech-recognition\env\Lib\site-packages\django\contrib\contenttypes\management\__init__.py first seen with mtime 1725772857.092627
File C:\Users\DEVENDRA\AppData\Local\Programs\Python\Python312\Lib\re\_parser.py first seen with mtime 1722958352.0
File C:\Users\DEVENDRA\Desktop\speech-recognition\env\Lib\site-packages\django\utils\dateformat.py first seen with mtime 1725772860.8762684
File C:\Users\DEVENDRA\Desktop\speech-recognition\env\Lib\site-packages\fake_useragent\fake.py first seen with mtime 1725772955.1207
File C:\Users\DEVENDRA\Desktop\speech-recognition\env\Lib\site-packages\bs4\__init__.py first seen with mtime 1725772965.0078182
File C:\Users\DEVENDRA\Desktop\speech-recognition\env\Lib\site-packages\django\core\serializers\json.py first seen with mtime 1725772860.4388618
File C:\Users\DEVENDRA\Desktop\speech-recognition\env\Lib\site-packages\django\contrib\admin\widgets.py first seen with mtime 1725772854.8571608
File C:\Users\DEVENDRA\AppData\Local\Programs\Python\Python312\Lib\sqlite3\dbapi2.py first seen with mtime 1722958352.0
File C:\Users\DEVENDRA\Desktop\speech-recognition\env\Lib\site-packages\django\contrib\admin\options.py first seen with mtime 1725772854.8571608
File C:\Users\DEVENDRA\Desktop\speech-recognition\env\Lib\site-packages\soupsieve\__init__.py first seen with mtime 1725772958.0963225
File C:\Users\DEVENDRA\AppData\Local\Programs\Python\Python312\Lib\email\mime\message.py first seen with mtime 1722958350.0
File C:\Users\DEVENDRA\Desktop\speech-recognition\env\Lib\site-packages\django\contrib\contenttypes\models.py first seen with mtime 1725772856.7333374
File C:\Users\DEVENDRA\Desktop\speech-recognition\env\Lib\site-packages\pyppeteer\launcher.py first seen with mtime 1725772966.2732885
File C:\Users\DEVENDRA\Desktop\speech-recognition\env\Lib\site-packages\django\views\decorators\common.py first seen with mtime 1725772860.9387481
File C:\Users\DEVENDRA\AppData\Local\Programs\Python\Python312\Lib\quopri.py first seen with mtime 1722958352.0
File C:\Users\DEVENDRA\Desktop\speech-recognition\env\Lib\site-packages\sqlparse\utils.py first seen with mtime 1725772853.4200003
File C:\Users\DEVENDRA\Desktop\speech-recognition\env\Lib\site-packages\django\core\checks\database.py first seen with mtime 1725772860.3295145
File C:\Users\DEVENDRA\AppData\Local\Programs\Python\Python312\Lib\traceback.py first seen with mtime 1722958352.0
File C:\Users\DEVENDRA\Desktop\speech-recognition\env\Lib\site-packages\django\middleware\__init__.py first seen with mtime 1725772860.7825317
File C:\Users\DEVENDRA\Desktop\speech-recognition\env\Lib\site-packages\django\db\migrations\operations\base.py first seen with mtime 1725772860.5482147
File C:\Users\DEVENDRA\Desktop\speech-recognition\env\Lib\site-packages\django\middleware\csrf.py first seen with mtime 1725772860.7981596
File C:\Users\DEVENDRA\Desktop\speech-recognition\env\Lib\site-packages\django\views\decorators\cache.py first seen with mtime 1725772860.9387481
File C:\Users\DEVENDRA\Desktop\speech-recognition\env\Lib\site-packages\websockets\exceptions.py first seen with mtime 1725772955.386262
File C:\Users\DEVENDRA\Desktop\speech-recognition\env\Lib\site-packages\django\db\backends\sqlite3\operations.py first seen with mtime 1725772860.5325904
File C:\Users\DEVENDRA\AppData\Local\Programs\Python\Python312\DLLs\_uuid.pyd first seen with mtime 1722958396.0
File C:\Users\DEVENDRA\AppData\Local\Programs\Python\Python312\Lib\email\message.py first seen with mtime 1722958350.0
File C:\Users\DEVENDRA\Desktop\speech-recognition\env\Lib\site-packages\lxml\html\_setmixin.py first seen with mtime 1725772958.797328
File C:\Users\DEVENDRA\Desktop\speech-recognition\env\Lib\site-packages\websockets\connection.py first seen with mtime 1725772955.386262
File C:\Users\DEVENDRA\Desktop\speech-recognition\env\Lib\site-packages\django\template\exceptions.py first seen with mtime 1725772860.8137732
File C:\Users\DEVENDRA\AppData\Local\Programs\Python\Python312\Lib\encodings\idna.py first seen with mtime 1722958350.0
File C:\Users\DEVENDRA\AppData\Local\Programs\Python\Python312\Lib\contextvars.py first seen with mtime 1722958350.0
File C:\Users\DEVENDRA\Desktop\speech-recognition\env\Lib\site-packages\requests\exceptions.py first seen with mtime 1725772962.9685447
File C:\Users\DEVENDRA\Desktop\speech-recognition\env\Lib\site-packages\django\template\engine.py first seen with mtime 1725772860.8137732
File C:\Users\DEVENDRA\Desktop\speech-recognition\env\Lib\site-packages\django\contrib\admin\helpers.py first seen with mtime 1725772854.8415408
File C:\Users\DEVENDRA\Desktop\speech-recognition\env\Lib\site-packages\django\views\decorators\csrf.py first seen with mtime 1725772860.9387481
File C:\Users\DEVENDRA\AppData\Local\Programs\Python\Python312\Lib\json\__init__.py first seen with mtime 1722958352.0
File C:\Users\DEVENDRA\Desktop\speech-recognition\env\Lib\site-packages\django\template\context.py first seen with mtime 1725772860.7981596
File C:\Users\DEVENDRA\Desktop\speech-recognition\env\Lib\site-packages\requests\certs.py first seen with mtime 1725772962.9529228
File C:\Users\DEVENDRA\Desktop\speech-recognition\env\Lib\site-packages\w3lib\_types.py first seen with mtime 1725772956.2454362
File C:\Users\DEVENDRA\Desktop\speech-recognition\env\Lib\site-packages\asgiref\__init__.py first seen with mtime 1725772853.9042604
File C:\Users\DEVENDRA\AppData\Local\Programs\Python\Python312\Lib\asyncio\base_futures.py first seen with mtime 1722958350.0
File C:\Users\DEVENDRA\AppData\Local\Programs\Python\Python312\DLLs\_queue.pyd first seen with mtime 1722958396.0
File C:\Users\DEVENDRA\AppData\Local\Programs\Python\Python312\DLLs\_overlapped.pyd first seen with mtime 1722958396.0
File C:\Users\DEVENDRA\AppData\Local\Programs\Python\Python312\DLLs\_bz2.pyd first seen with mtime 1722958396.0
File C:\Users\DEVENDRA\Desktop\speech-recognition\env\Lib\site-packages\django\db\models\__init__.py first seen with mtime 1725772860.5638323
File C:\Users\DEVENDRA\AppData\Local\Programs\Python\Python312\Lib\textwrap.py first seen with mtime 1722958352.0
File C:\Users\DEVENDRA\AppData\Local\Programs\Python\Python312\Lib\lzma.py first seen with mtime 1722958352.0
File C:\Users\DEVENDRA\Desktop\speech-recognition\env\Lib\site-packages\_distutils_hack\__init__.py first seen with mtime 1725774671.6735399
File C:\Users\DEVENDRA\Desktop\speech-recognition\env\Lib\site-packages\django\db\models\functions\mixins.py first seen with mtime 1725772860.6107023
File C:\Users\DEVENDRA\Desktop\speech-recognition\env\Lib\site-packages\bs4\builder\_lxml.py first seen with mtime 1725772965.024425
File C:\Users\DEVENDRA\Desktop\speech-recognition\env\Lib\site-packages\django\utils\http.py first seen with mtime 1725772860.907501
File C:\Users\DEVENDRA\Desktop\speech-recognition\env\Lib\site-packages\django\db\models\functions\text.py first seen with mtime 1725772860.6107023
File C:\Users\DEVENDRA\Desktop\speech-recognition\env\Lib\site-packages\django\contrib\auth\tokens.py first seen with mtime 1725772856.2334647
File C:\Users\DEVENDRA\AppData\Local\Programs\Python\Python312\Lib\logging\__init__.py first seen with mtime 1722958352.0
File C:\Users\DEVENDRA\Desktop\speech-recognition\env\Lib\site-packages\django\core\mail\message.py first seen with mtime 1725772860.376377
File C:\Users\DEVENDRA\Desktop\speech-recognition\env\Lib\site-packages\django\core\__init__.py first seen with mtime 1725772860.2982693
File C:\Users\DEVENDRA\Desktop\speech-recognition\env\Lib\site-packages\django\db\models\functions\math.py first seen with mtime 1725772860.6107023
File C:\Users\DEVENDRA\AppData\Local\Programs\Python\Python312\Lib\threading.py first seen with mtime 1722958352.0
File C:\Users\DEVENDRA\AppData\Local\Programs\Python\Python312\Lib\multiprocessing\context.py first seen with mtime 1722958352.0
File C:\Users\DEVENDRA\AppData\Local\Programs\Python\Python312\Lib\asyncio\windows_utils.py first seen with mtime 1722958350.0
File C:\Users\DEVENDRA\Desktop\speech-recognition\assistent\templates\index.html first seen with mtime 1725776542.5231097
File C:\Users\DEVENDRA\Desktop\speech-recognition\env\Lib\site-packages\django\contrib\sessions\backends\db.py first seen with mtime 1725772859.5328252
File C:\Users\DEVENDRA\Desktop\speech-recognition\env\Lib\site-packages\django\contrib\contenttypes\migrations\0002_remove_content_type_name.py first seen with mtime 1725772857.10825
File C:\Users\DEVENDRA\Desktop\speech-recognition\assistent\myapp\migrations\0001_initial.py first seen with mtime 1725607646.5992067
File C:\Users\DEVENDRA\Desktop\speech-recognition\env\Lib\site-packages\django\contrib\auth\migrations\0009_alter_user_last_name_max_length.py first seen with mtime 1725772856.7177155
File C:\Users\DEVENDRA\Desktop\speech-recognition\env\Lib\site-packages\django\contrib\sessions\migrations\0001_initial.py first seen with mtime 1725772859.8921156
File C:\Users\DEVENDRA\Desktop\speech-recognition\env\Lib\site-packages\django\contrib\auth\migrations\0010_alter_group_name_max_length.py first seen with mtime 1725772856.7177155
File C:\Users\DEVENDRA\Desktop\speech-recognition\env\Lib\site-packages\django\contrib\auth\migrations\0001_initial.py first seen with mtime 1725772856.7020967
File C:\Users\DEVENDRA\Desktop\speech-recognition\env\Lib\site-packages\django\contrib\auth\migrations\0004_alter_user_username_opts.py first seen with mtime 1725772856.7020967
File C:\Users\DEVENDRA\Desktop\speech-recognition\env\Lib\site-packages\django\contrib\admin\migrations\0002_logentry_remove_auto_add.py first seen with mtime 1725772855.5210836
File C:\Users\DEVENDRA\Desktop\speech-recognition\env\Lib\site-packages\django\contrib\admin\migrations\0001_initial.py first seen with mtime 1725772855.5210836
File C:\Users\DEVENDRA\Desktop\speech-recognition\env\Lib\site-packages\django\contrib\contenttypes\migrations\0001_initial.py first seen with mtime 1725772857.092627
File C:\Users\DEVENDRA\Desktop\speech-recognition\env\Lib\site-packages\django\db\migrations\loader.py first seen with mtime 1725772860.5325904
File C:\Users\DEVENDRA\Desktop\speech-recognition\env\Lib\site-packages\django\contrib\auth\migrations\0005_alter_user_last_login_null.py first seen with mtime 1725772856.7020967
File C:\Users\DEVENDRA\Desktop\speech-recognition\assistent\myapp\migrations\__init__.py first seen with mtime 1725600746.7389748
File C:\Users\DEVENDRA\Desktop\speech-recognition\env\Lib\site-packages\django\contrib\admin\migrations\0003_logentry_add_action_flag_choices.py first seen with mtime 1725772855.5210836
File C:\Users\DEVENDRA\Desktop\speech-recognition\env\Lib\site-packages\django\contrib\auth\migrations\0007_alter_validators_add_error_messages.py first seen with mtime 1725772856.7020967
File C:\Users\DEVENDRA\Desktop\speech-recognition\env\Lib\site-packages\django\db\migrations\recorder.py first seen with mtime 1725772860.5482147
File C:\Users\DEVENDRA\Desktop\speech-recognition\assistent\assistent\wsgi.py first seen with mtime 1725600727.2655468
File C:\Users\DEVENDRA\Desktop\speech-recognition\env\Lib\site-packages\django\db\models\sql\compiler.py first seen with mtime 1725772860.6107023
File C:\Users\DEVENDRA\Desktop\speech-recognition\env\Lib\site-packages\django\contrib\auth\migrations\0012_alter_user_first_name_max_length.py first seen with mtime 1725772856.7177155
File C:\Users\DEVENDRA\Desktop\speech-recognition\env\Lib\site-packages\django\db\migrations\graph.py first seen with mtime 1725772860.5325904
File C:\Users\DEVENDRA\Desktop\speech-recognition\env\Lib\site-packages\django\contrib\sessions\migrations\__init__.py first seen with mtime 1725772859.8921156
File C:\Users\DEVENDRA\Desktop\speech-recognition\env\Lib\site-packages\django\contrib\admin\migrations\__init__.py first seen with mtime 1725772855.5210836
File C:\Users\DEVENDRA\Desktop\speech-recognition\env\Lib\site-packages\django\contrib\auth\migrations\__init__.py first seen with mtime 1725772856.7177155
File C:\Users\DEVENDRA\Desktop\speech-recognition\env\Lib\site-packages\django\db\migrations\executor.py first seen with mtime 1725772860.5325904
File C:\Users\DEVENDRA\Desktop\speech-recognition\env\Lib\site-packages\django\contrib\contenttypes\migrations\__init__.py first seen with mtime 1725772857.10825
File C:\Users\DEVENDRA\Desktop\speech-recognition\env\Lib\site-packages\django\contrib\auth\migrations\0002_alter_permission_name_max_length.py first seen with mtime 1725772856.7020967
File C:\Users\DEVENDRA\Desktop\speech-recognition\env\Lib\site-packages\django\contrib\auth\migrations\0006_require_contenttypes_0002.py first seen with mtime 1725772856.7020967
File C:\Users\DEVENDRA\Desktop\speech-recognition\env\Lib\site-packages\django\contrib\auth\migrations\0003_alter_user_email_max_length.py first seen with mtime 1725772856.7020967
File C:\Users\DEVENDRA\Desktop\speech-recognition\env\Lib\site-packages\django\contrib\auth\migrations\0008_alter_user_username_max_length.py first seen with mtime 1725772856.7020967
File C:\Users\DEVENDRA\Desktop\speech-recognition\env\Lib\site-packages\django\contrib\auth\migrations\0011_update_proxy_permissions.py first seen with mtime 1725772856.7177155
"GET / HTTP/1.1" 200 4098
"GET /static/audio/temp.mp3 HTTP/1.1" 404 1856
Exception while resolving variable 'name' in template 'unknown'.
Traceback (most recent call last):
  File "C:\Users\DEVENDRA\Desktop\speech-recognition\env\Lib\site-packages\django\core\handlers\exception.py", line 55, in inner
    response = get_response(request)
               ^^^^^^^^^^^^^^^^^^^^^
  File "C:\Users\DEVENDRA\Desktop\speech-recognition\env\Lib\site-packages\django\core\handlers\base.py", line 181, in _get_response
    callback, callback_args, callback_kwargs = self.resolve_request(request)
                                               ^^^^^^^^^^^^^^^^^^^^^^^^^^^^^
  File "C:\Users\DEVENDRA\Desktop\speech-recognition\env\Lib\site-packages\django\core\handlers\base.py", line 313, in resolve_request
    resolver_match = resolver.resolve(request.path_info)
                     ^^^^^^^^^^^^^^^^^^^^^^^^^^^^^^^^^^^
  File "C:\Users\DEVENDRA\Desktop\speech-recognition\env\Lib\site-packages\django\urls\resolvers.py", line 705, in resolve
    raise Resolver404({"tried": tried, "path": new_path})
django.urls.exceptions.Resolver404: {'tried': [[<URLResolver <URLPattern list> (admin:admin) 'admin/'>], [<URLResolver <module 'myapp.urls' from 'C:\\Users\\DEVENDRA\\Desktop\\speech-recognition\\assistent\\myapp\\urls.py'> (None:None) ''>, <URLPattern '' [name='index']>], [<URLResolver <module 'myapp.urls' from 'C:\\Users\\DEVENDRA\\Desktop\\speech-recognition\\assistent\\myapp\\urls.py'> (None:None) ''>, <URLPattern 'text_to_speech/' [name='text_to_speech']>], [<URLResolver <module 'myapp.urls' from 'C:\\Users\\DEVENDRA\\Desktop\\speech-recognition\\assistent\\myapp\\urls.py'> (None:None) ''>, <URLPattern 'speech_to_text/' [name='speech_to_text']>]], 'path': 'favicon.ico'}

During handling of the above exception, another exception occurred:

Traceback (most recent call last):
  File "C:\Users\DEVENDRA\Desktop\speech-recognition\env\Lib\site-packages\django\template\base.py", line 883, in _resolve_lookup
    current = current[bit]
              ~~~~~~~^^^^^
TypeError: 'URLResolver' object is not subscriptable

During handling of the above exception, another exception occurred:

Traceback (most recent call last):
  File "C:\Users\DEVENDRA\Desktop\speech-recognition\env\Lib\site-packages\django\template\base.py", line 893, in _resolve_lookup
    current = getattr(current, bit)
              ^^^^^^^^^^^^^^^^^^^^^
AttributeError: 'URLResolver' object has no attribute 'name'

During handling of the above exception, another exception occurred:

Traceback (most recent call last):
  File "C:\Users\DEVENDRA\Desktop\speech-recognition\env\Lib\site-packages\django\template\base.py", line 899, in _resolve_lookup
    current = current[int(bit)]
                      ^^^^^^^^
ValueError: invalid literal for int() with base 10: 'name'

During handling of the above exception, another exception occurred:

Traceback (most recent call last):
  File "C:\Users\DEVENDRA\Desktop\speech-recognition\env\Lib\site-packages\django\template\base.py", line 906, in _resolve_lookup
    raise VariableDoesNotExist(
django.template.base.VariableDoesNotExist: Failed lookup for key [name] in <URLResolver <URLPattern list> (admin:admin) 'admin/'>
Not Found: /favicon.ico
"GET /favicon.ico HTTP/1.1" 404 3000
File C:\Users\DEVENDRA\Desktop\speech-recognition\env\Lib\site-packages\django\contrib\messages\storage\cookie.py first seen with mtime 1725772858.5303352
File C:\Users\DEVENDRA\Desktop\speech-recognition\env\Lib\site-packages\django\contrib\messages\storage\session.py first seen with mtime 1725772858.5303352
File C:\Users\DEVENDRA\Desktop\speech-recognition\env\Lib\site-packages\django\template\context_processors.py first seen with mtime 1725772860.8137732
File C:\Users\DEVENDRA\Desktop\speech-recognition\env\Lib\site-packages\django\contrib\messages\context_processors.py first seen with mtime 1725772858.5147135
File C:\Users\DEVENDRA\Desktop\speech-recognition\env\Lib\site-packages\django\contrib\sessions\serializers.py first seen with mtime 1725772859.5172038
File C:\Users\DEVENDRA\Desktop\speech-recognition\env\Lib\site-packages\django\contrib\auth\context_processors.py first seen with mtime 1725772856.2178335
File C:\Users\DEVENDRA\Desktop\speech-recognition\env\Lib\site-packages\django\contrib\messages\storage\fallback.py first seen with mtime 1725772858.5303352
File C:\Users\DEVENDRA\Desktop\speech-recognition\env\Lib\site-packages\django\contrib\staticfiles\storage.py first seen with mtime 1725772860.2670276
"GET / HTTP/1.1" 200 4098
"GET /static/audio/temp.mp3 HTTP/1.1" 404 1856
"GET / HTTP/1.1" 200 4098
"GET /static/audio/temp.mp3 HTTP/1.1" 404 1856
"GET / HTTP/1.1" 200 4098
"GET /static/audio/temp.mp3 HTTP/1.1" 404 1856
"POST /text_to_speech/ HTTP/1.1" 200 126
"GET /static/tts_audio/audio_20240910152639.mp3 HTTP/1.1" 200 6720
Exception while resolving variable 'name' in template 'unknown'.
Traceback (most recent call last):
  File "C:\Users\DEVENDRA\Desktop\speech-recognition\env\Lib\site-packages\django\core\handlers\exception.py", line 55, in inner
    response = get_response(request)
               ^^^^^^^^^^^^^^^^^^^^^
  File "C:\Users\DEVENDRA\Desktop\speech-recognition\env\Lib\site-packages\django\core\handlers\base.py", line 181, in _get_response
    callback, callback_args, callback_kwargs = self.resolve_request(request)
                                               ^^^^^^^^^^^^^^^^^^^^^^^^^^^^^
  File "C:\Users\DEVENDRA\Desktop\speech-recognition\env\Lib\site-packages\django\core\handlers\base.py", line 313, in resolve_request
    resolver_match = resolver.resolve(request.path_info)
                     ^^^^^^^^^^^^^^^^^^^^^^^^^^^^^^^^^^^
  File "C:\Users\DEVENDRA\Desktop\speech-recognition\env\Lib\site-packages\django\urls\resolvers.py", line 705, in resolve
    raise Resolver404({"tried": tried, "path": new_path})
django.urls.exceptions.Resolver404: {'tried': [[<URLResolver <URLPattern list> (admin:admin) 'admin/'>], [<URLResolver <module 'myapp.urls' from 'C:\\Users\\DEVENDRA\\Desktop\\speech-recognition\\assistent\\myapp\\urls.py'> (None:None) ''>, <URLPattern '' [name='index']>], [<URLResolver <module 'myapp.urls' from 'C:\\Users\\DEVENDRA\\Desktop\\speech-recognition\\assistent\\myapp\\urls.py'> (None:None) ''>, <URLPattern 'text_to_speech/' [name='text_to_speech']>], [<URLResolver <module 'myapp.urls' from 'C:\\Users\\DEVENDRA\\Desktop\\speech-recognition\\assistent\\myapp\\urls.py'> (None:None) ''>, <URLPattern 'speech_to_text/' [name='speech_to_text']>]], 'path': 'favicon.ico'}

During handling of the above exception, another exception occurred:

Traceback (most recent call last):
  File "C:\Users\DEVENDRA\Desktop\speech-recognition\env\Lib\site-packages\django\template\base.py", line 883, in _resolve_lookup
    current = current[bit]
              ~~~~~~~^^^^^
TypeError: 'URLResolver' object is not subscriptable

During handling of the above exception, another exception occurred:

Traceback (most recent call last):
  File "C:\Users\DEVENDRA\Desktop\speech-recognition\env\Lib\site-packages\django\template\base.py", line 893, in _resolve_lookup
    current = getattr(current, bit)
              ^^^^^^^^^^^^^^^^^^^^^
AttributeError: 'URLResolver' object has no attribute 'name'

During handling of the above exception, another exception occurred:

Traceback (most recent call last):
  File "C:\Users\DEVENDRA\Desktop\speech-recognition\env\Lib\site-packages\django\template\base.py", line 899, in _resolve_lookup
    current = current[int(bit)]
                      ^^^^^^^^
ValueError: invalid literal for int() with base 10: 'name'

During handling of the above exception, another exception occurred:

Traceback (most recent call last):
  File "C:\Users\DEVENDRA\Desktop\speech-recognition\env\Lib\site-packages\django\template\base.py", line 906, in _resolve_lookup
    raise VariableDoesNotExist(
django.template.base.VariableDoesNotExist: Failed lookup for key [name] in <URLResolver <URLPattern list> (admin:admin) 'admin/'>
Not Found: /favicon.ico
"GET /favicon.ico HTTP/1.1" 404 3000
File C:\Users\DEVENDRA\Desktop\speech-recognition\env\Lib\site-packages\setuptools\_vendor\more_itertools\more.py first seen with mtime 1725774672.0953138
File C:\Users\DEVENDRA\Desktop\speech-recognition\env\Lib\site-packages\setuptools\_distutils\command\bdist.py first seen with mtime 1725774671.8453736
File C:\Users\DEVENDRA\Desktop\speech-recognition\env\Lib\site-packages\setuptools\_vendor\jaraco\context.py first seen with mtime 1725774672.0796947
File C:\Users\DEVENDRA\Desktop\speech-recognition\env\Lib\site-packages\setuptools\_vendor\jaraco\text\__init__.py first seen with mtime 1725774672.0953138
File C:\Users\DEVENDRA\Desktop\speech-recognition\env\Lib\site-packages\setuptools\_distutils\spawn.py first seen with mtime 1725774671.8297517
File C:\Users\DEVENDRA\Desktop\speech-recognition\env\Lib\site-packages\setuptools\_vendor\jaraco\functools\__init__.py first seen with mtime 1725774672.0796947
File C:\Users\DEVENDRA\Desktop\speech-recognition\env\Lib\site-packages\setuptools\dist.py first seen with mtime 1725774671.7516563
File C:\Users\DEVENDRA\Desktop\speech-recognition\env\Lib\site-packages\setuptools\_distutils\dist.py first seen with mtime 1725774671.8297517
File C:\Users\DEVENDRA\Desktop\speech-recognition\env\Lib\site-packages\packaging\_elffile.py first seen with mtime 1725773166.3419375
File C:\Users\DEVENDRA\Desktop\speech-recognition\env\Lib\site-packages\setuptools\_vendor\more_itertools\__init__.py first seen with mtime 1725774672.0953138
File C:\Users\DEVENDRA\Desktop\speech-recognition\env\Lib\site-packages\setuptools\warnings.py first seen with mtime 1725774671.7985096
File C:\Users\DEVENDRA\Desktop\speech-recognition\env\Lib\site-packages\setuptools\_vendor\more_itertools\recipes.py first seen with mtime 1725774672.110936
File C:\Users\DEVENDRA\Desktop\speech-recognition\env\Lib\site-packages\setuptools\_distutils\cmd.py first seen with mtime 1725774671.8141308
File C:\Users\DEVENDRA\Desktop\speech-recognition\env\Lib\site-packages\setuptools\_distutils\core.py first seen with mtime 1725774671.8141308
File C:\Users\DEVENDRA\Desktop\speech-recognition\env\Lib\site-packages\packaging\specifiers.py first seen with mtime 1725773166.3575573
File C:\Users\DEVENDRA\Desktop\speech-recognition\env\Lib\site-packages\packaging\markers.py first seen with mtime 1725773166.3419375
File C:\Users\DEVENDRA\Desktop\speech-recognition\env\Lib\site-packages\packaging\_structures.py first seen with mtime 1725773166.3419375
File C:\Users\DEVENDRA\Desktop\speech-recognition\env\Lib\site-packages\setuptools\errors.py first seen with mtime 1725774671.7516563
File C:\Users\DEVENDRA\Desktop\speech-recognition\env\Lib\site-packages\setuptools\version.py first seen with mtime 1725774671.7985096
File C:\Users\DEVENDRA\Desktop\speech-recognition\env\Lib\site-packages\setuptools\config\_apply_pyprojecttoml.py first seen with mtime 1725774672.5329218
File C:\Users\DEVENDRA\Desktop\speech-recognition\env\Lib\site-packages\setuptools\config\setupcfg.py first seen with mtime 1725774672.5329218
File C:\Users\DEVENDRA\Desktop\speech-recognition\env\Lib\site-packages\setuptools\_distutils\errors.py first seen with mtime 1725774671.8297517
File C:\Users\DEVENDRA\Desktop\speech-recognition\env\Lib\site-packages\setuptools\_distutils\command\__init__.py first seen with mtime 1725774671.8453736
File C:\Users\DEVENDRA\Desktop\speech-recognition\env\Lib\site-packages\setuptools\_distutils\util.py first seen with mtime 1725774671.8453736
File C:\Users\DEVENDRA\Desktop\speech-recognition\env\Lib\site-packages\pyaudio\__init__.py first seen with mtime 1725773110.05997
File C:\Users\DEVENDRA\Desktop\speech-recognition\env\Lib\site-packages\setuptools\_distutils\fancy_getopt.py first seen with mtime 1725774671.8297517
File C:\Users\DEVENDRA\Desktop\speech-recognition\env\Lib\site-packages\setuptools\_reqs.py first seen with mtime 1725774671.7360232
File C:\Users\DEVENDRA\Desktop\speech-recognition\env\Lib\site-packages\setuptools\logging.py first seen with mtime 1725774671.7828882
File C:\Users\DEVENDRA\Desktop\speech-recognition\env\Lib\site-packages\packaging\_manylinux.py first seen with mtime 1725773166.3419375
File C:\Users\DEVENDRA\Desktop\speech-recognition\env\Lib\site-packages\setuptools\monkey.py first seen with mtime 1725774671.7828882
File C:\Users\DEVENDRA\Desktop\speech-recognition\env\Lib\site-packages\setuptools\_distutils\_functools.py first seen with mtime 1725774671.7985096
File C:\Users\DEVENDRA\AppData\Local\Programs\Python\Python312\Lib\getopt.py first seen with mtime 1722958350.0
File C:\Users\DEVENDRA\Desktop\speech-recognition\env\Lib\site-packages\setuptools\command\__init__.py first seen with mtime 1725774672.2202845
File C:\Users\DEVENDRA\Desktop\speech-recognition\env\Lib\site-packages\setuptools\_normalization.py first seen with mtime 1725774671.7360232
File C:\Users\DEVENDRA\Desktop\speech-recognition\env\Lib\site-packages\setuptools\_path.py first seen with mtime 1725774671.7360232
File C:\Users\DEVENDRA\Desktop\speech-recognition\env\Lib\site-packages\setuptools\_distutils\extension.py first seen with mtime 1725774671.8297517
File C:\Users\DEVENDRA\Desktop\speech-recognition\env\Lib\site-packages\setuptools\_distutils\file_util.py first seen with mtime 1725774671.8297517
File C:\Users\DEVENDRA\Desktop\speech-recognition\env\Lib\site-packages\packaging\version.py first seen with mtime 1725773166.3575573
File C:\Users\DEVENDRA\Desktop\speech-recognition\env\Lib\site-packages\setuptools\__init__.py first seen with mtime 1725774671.7360232
File C:\Users\DEVENDRA\Desktop\speech-recognition\env\Lib\site-packages\packaging\__init__.py first seen with mtime 1725773166.3263154
File C:\Users\DEVENDRA\Desktop\speech-recognition\env\Lib\site-packages\setuptools\discovery.py first seen with mtime 1725774671.7516563
File C:\Users\DEVENDRA\Desktop\speech-recognition\env\Lib\site-packages\setuptools\_distutils\debug.py first seen with mtime 1725774671.8141308
File C:\Users\DEVENDRA\Desktop\speech-recognition\env\Lib\site-packages\setuptools\_distutils\compat\py39.py first seen with mtime 1725774671.8766174
File C:\Users\DEVENDRA\Desktop\speech-recognition\env\Lib\site-packages\packaging\_parser.py first seen with mtime 1725773166.3419375
File C:\Users\DEVENDRA\Desktop\speech-recognition\env\Lib\site-packages\setuptools\_distutils\log.py first seen with mtime 1725774671.8297517
File C:\Users\DEVENDRA\Desktop\speech-recognition\env\Lib\site-packages\packaging\_tokenizer.py first seen with mtime 1725773166.3419375
File C:\Users\DEVENDRA\Desktop\speech-recognition\env\Lib\site-packages\setuptools\_distutils\config.py first seen with mtime 1725774671.8141308
File C:\Users\DEVENDRA\Desktop\speech-recognition\env\Lib\site-packages\setuptools\_distutils\dir_util.py first seen with mtime 1725774671.8297517
File C:\Users\DEVENDRA\Desktop\speech-recognition\env\Lib\site-packages\packaging\_musllinux.py first seen with mtime 1725773166.3419375
File C:\Users\DEVENDRA\Desktop\speech-recognition\env\Lib\site-packages\setuptools\_distutils\filelist.py first seen with mtime 1725774671.8297517
File C:\Users\DEVENDRA\Desktop\speech-recognition\env\Lib\site-packages\packaging\tags.py first seen with mtime 1725773166.3575573
File C:\Users\DEVENDRA\Desktop\speech-recognition\env\Lib\site-packages\setuptools\_imp.py first seen with mtime 1725774671.7360232
File C:\Users\DEVENDRA\AppData\Local\Programs\Python\Python312\Lib\configparser.py first seen with mtime 1722958350.0
File C:\Users\DEVENDRA\Desktop\speech-recognition\env\Lib\site-packages\setuptools\_distutils\archive_util.py first seen with mtime 1725774671.8141308
File C:\Users\DEVENDRA\Desktop\speech-recognition\env\Lib\site-packages\setuptools\_entry_points.py first seen with mtime 1725774671.7360232
File C:\Users\DEVENDRA\Desktop\speech-recognition\env\Lib\site-packages\setuptools\depends.py first seen with mtime 1725774671.7516563
File C:\Users\DEVENDRA\Desktop\speech-recognition\env\Lib\site-packages\setuptools\_distutils\_modified.py first seen with mtime 1725774671.8141308
File C:\Users\DEVENDRA\Desktop\speech-recognition\env\Lib\site-packages\setuptools\_distutils\version.py first seen with mtime 1725774671.8453736
File C:\Users\DEVENDRA\Desktop\speech-recognition\env\Lib\site-packages\setuptools\_distutils\compat\__init__.py first seen with mtime 1725774671.8766174
File C:\Users\DEVENDRA\Desktop\speech-recognition\env\Lib\site-packages\setuptools\_itertools.py first seen with mtime 1725774671.7360232
File C:\Users\DEVENDRA\Desktop\speech-recognition\env\Lib\site-packages\setuptools\config\pyprojecttoml.py first seen with mtime 1725774672.5329218
File C:\Users\DEVENDRA\Desktop\speech-recognition\env\Lib\site-packages\setuptools\config\__init__.py first seen with mtime 1725774672.5329218
File C:\Users\DEVENDRA\Desktop\speech-recognition\env\Lib\site-packages\setuptools\extension.py first seen with mtime 1725774671.7672675
File C:\Users\DEVENDRA\Desktop\speech-recognition\env\Lib\site-packages\setuptools\_importlib.py first seen with mtime 1725774671.7360232
File C:\Users\DEVENDRA\Desktop\speech-recognition\env\Lib\site-packages\setuptools\config\expand.py first seen with mtime 1725774672.5329218
File C:\Users\DEVENDRA\Desktop\speech-recognition\env\Lib\site-packages\packaging\utils.py first seen with mtime 1725773166.3575573
File C:\Users\DEVENDRA\AppData\Local\Programs\Python\Python312\Lib\tarfile.py first seen with mtime 1722958352.0
File C:\Users\DEVENDRA\Desktop\speech-recognition\env\Lib\site-packages\packaging\requirements.py first seen with mtime 1725773166.3419375
File C:\Users\DEVENDRA\Desktop\speech-recognition\env\Lib\site-packages\setuptools\_core_metadata.py first seen with mtime 1725774671.7360232
File C:\Users\DEVENDRA\Desktop\speech-recognition\env\Lib\site-packages\setuptools\_distutils\_log.py first seen with mtime 1725774671.7985096
File C:\Users\DEVENDRA\Desktop\speech-recognition\env\Lib\site-packages\pyaudio\_portaudio.cp312-win_amd64.pyd first seen with mtime 1725773110.0756004
File C:\Users\DEVENDRA\Desktop\speech-recognition\env\Lib\site-packages\_distutils_hack\override.py first seen with mtime 1725774671.6735399
File C:\Users\DEVENDRA\Desktop\speech-recognition\env\Lib\site-packages\setuptools\_distutils\compat\py38.py first seen with mtime 1725774671.8766174
"POST /speech_to_text/ HTTP/1.1" 200 55
"GET / HTTP/1.1" 200 4098
"GET /static/audio/temp.mp3 HTTP/1.1" 404 1856
File C:\Users\DEVENDRA\AppData\Local\Programs\Python\Python312\Lib\netrc.py first seen with mtime 1722958352.0
"POST /speech_to_text/ HTTP/1.1" 200 143
"GET /static/stt_audio/response_20240910152736.mp3 HTTP/1.1" 200 10752
Exception while resolving variable 'name' in template 'unknown'.
Traceback (most recent call last):
  File "C:\Users\DEVENDRA\Desktop\speech-recognition\env\Lib\site-packages\django\core\handlers\exception.py", line 55, in inner
    response = get_response(request)
               ^^^^^^^^^^^^^^^^^^^^^
  File "C:\Users\DEVENDRA\Desktop\speech-recognition\env\Lib\site-packages\django\core\handlers\base.py", line 181, in _get_response
    callback, callback_args, callback_kwargs = self.resolve_request(request)
                                               ^^^^^^^^^^^^^^^^^^^^^^^^^^^^^
  File "C:\Users\DEVENDRA\Desktop\speech-recognition\env\Lib\site-packages\django\core\handlers\base.py", line 313, in resolve_request
    resolver_match = resolver.resolve(request.path_info)
                     ^^^^^^^^^^^^^^^^^^^^^^^^^^^^^^^^^^^
  File "C:\Users\DEVENDRA\Desktop\speech-recognition\env\Lib\site-packages\django\urls\resolvers.py", line 705, in resolve
    raise Resolver404({"tried": tried, "path": new_path})
django.urls.exceptions.Resolver404: {'tried': [[<URLResolver <URLPattern list> (admin:admin) 'admin/'>], [<URLResolver <module 'myapp.urls' from 'C:\\Users\\DEVENDRA\\Desktop\\speech-recognition\\assistent\\myapp\\urls.py'> (None:None) ''>, <URLPattern '' [name='index']>], [<URLResolver <module 'myapp.urls' from 'C:\\Users\\DEVENDRA\\Desktop\\speech-recognition\\assistent\\myapp\\urls.py'> (None:None) ''>, <URLPattern 'text_to_speech/' [name='text_to_speech']>], [<URLResolver <module 'myapp.urls' from 'C:\\Users\\DEVENDRA\\Desktop\\speech-recognition\\assistent\\myapp\\urls.py'> (None:None) ''>, <URLPattern 'speech_to_text/' [name='speech_to_text']>]], 'path': 'favicon.ico'}

During handling of the above exception, another exception occurred:

Traceback (most recent call last):
  File "C:\Users\DEVENDRA\Desktop\speech-recognition\env\Lib\site-packages\django\template\base.py", line 883, in _resolve_lookup
    current = current[bit]
              ~~~~~~~^^^^^
TypeError: 'URLResolver' object is not subscriptable

During handling of the above exception, another exception occurred:

Traceback (most recent call last):
  File "C:\Users\DEVENDRA\Desktop\speech-recognition\env\Lib\site-packages\django\template\base.py", line 893, in _resolve_lookup
    current = getattr(current, bit)
              ^^^^^^^^^^^^^^^^^^^^^
AttributeError: 'URLResolver' object has no attribute 'name'

During handling of the above exception, another exception occurred:

Traceback (most recent call last):
  File "C:\Users\DEVENDRA\Desktop\speech-recognition\env\Lib\site-packages\django\template\base.py", line 899, in _resolve_lookup
    current = current[int(bit)]
                      ^^^^^^^^
ValueError: invalid literal for int() with base 10: 'name'

During handling of the above exception, another exception occurred:

Traceback (most recent call last):
  File "C:\Users\DEVENDRA\Desktop\speech-recognition\env\Lib\site-packages\django\template\base.py", line 906, in _resolve_lookup
    raise VariableDoesNotExist(
django.template.base.VariableDoesNotExist: Failed lookup for key [name] in <URLResolver <URLPattern list> (admin:admin) 'admin/'>
Not Found: /favicon.ico
"GET /favicon.ico HTTP/1.1" 404 3000
